[21-Oct-2023 17:48:14 UTC] PHP Warning:  Attempt to read property "title" on null in /opt/lampp/htdocs/Astra1/wp-includes/class-wp-customize-widgets.php on line 905
[21-Oct-2023 17:48:49 UTC] PHP Deprecated:  version_compare(): Passing null to parameter #1 ($version1) of type string is deprecated in /opt/lampp/htdocs/Astra1/wp-content/plugins/elementor/core/upgrade/manager.php on line 69
[21-Oct-2023 17:48:49 UTC] PHP Deprecated:  version_compare(): Passing null to parameter #1 ($version1) of type string is deprecated in /opt/lampp/htdocs/Astra1/wp-content/plugins/elementor/core/upgrade/manager.php on line 69
[21-Oct-2023 17:48:49 UTC] PHP Deprecated:  version_compare(): Passing null to parameter #1 ($version1) of type string is deprecated in /opt/lampp/htdocs/Astra1/wp-content/plugins/elementor/core/upgrade/manager.php on line 69
[21-Oct-2023 17:48:49 UTC] PHP Deprecated:  version_compare(): Passing null to parameter #1 ($version1) of type string is deprecated in /opt/lampp/htdocs/Astra1/wp-content/plugins/elementor/core/upgrade/manager.php on line 69
[21-Oct-2023 17:50:31 UTC] PHP Deprecated:  Creation of dynamic property WprAddons\Modules\ContentTicker\Widgets\Wpr_Content_Ticker::$post_types is deprecated in /opt/lampp/htdocs/Astra1/wp-content/plugins/royal-elementor-addons/modules/content-ticker/widgets/wpr-content-ticker.php on line 139
[21-Oct-2023 17:51:43 UTC] PHP Deprecated:  Function libxml_disable_entity_loader() is deprecated in /opt/lampp/htdocs/Astra1/wp-content/plugins/royal-elementor-addons/admin/import/class-parsers.php on line 417
[21-Oct-2023 17:51:43 UTC] PHP Deprecated:  Function libxml_disable_entity_loader() is deprecated in /opt/lampp/htdocs/Astra1/wp-content/plugins/royal-elementor-addons/admin/import/class-parsers.php on line 423
[21-Oct-2023 17:51:44 UTC] PHP Warning:  exif_read_data(pic-2.jpg): Incorrect APP1 Exif Identifier Code in /opt/lampp/htdocs/Astra1/wp-admin/includes/image.php on line 856
[21-Oct-2023 17:51:44 UTC] PHP Warning:  exif_read_data(pic-2.jpg): Incorrect APP1 Exif Identifier Code in /opt/lampp/htdocs/Astra1/wp-admin/includes/image.php on line 856
[21-Oct-2023 17:51:45 UTC] PHP Warning:  exif_read_data(pic-4.jpg): Incorrect APP1 Exif Identifier Code in /opt/lampp/htdocs/Astra1/wp-admin/includes/image.php on line 856
[21-Oct-2023 17:51:45 UTC] PHP Warning:  exif_read_data(pic-4.jpg): Incorrect APP1 Exif Identifier Code in /opt/lampp/htdocs/Astra1/wp-admin/includes/image.php on line 856
[21-Oct-2023 17:51:46 UTC] PHP Warning:  exif_read_data(pic-5.jpg): Incorrect APP1 Exif Identifier Code in /opt/lampp/htdocs/Astra1/wp-admin/includes/image.php on line 856
[21-Oct-2023 17:51:46 UTC] PHP Warning:  exif_read_data(pic-5.jpg): Incorrect APP1 Exif Identifier Code in /opt/lampp/htdocs/Astra1/wp-admin/includes/image.php on line 856
[21-Oct-2023 17:51:49 UTC] PHP Warning:  exif_read_data(Law-1.jpg): Incorrect APP1 Exif Identifier Code in /opt/lampp/htdocs/Astra1/wp-admin/includes/image.php on line 856
[21-Oct-2023 17:51:49 UTC] PHP Warning:  exif_read_data(Law-1.jpg): Incorrect APP1 Exif Identifier Code in /opt/lampp/htdocs/Astra1/wp-admin/includes/image.php on line 856
[21-Oct-2023 17:51:50 UTC] PHP Warning:  exif_read_data(Law-2.jpg): Incorrect APP1 Exif Identifier Code in /opt/lampp/htdocs/Astra1/wp-admin/includes/image.php on line 856
[21-Oct-2023 17:51:50 UTC] PHP Warning:  exif_read_data(Law-2.jpg): Incorrect APP1 Exif Identifier Code in /opt/lampp/htdocs/Astra1/wp-admin/includes/image.php on line 856
[21-Oct-2023 17:51:50 UTC] PHP Warning:  exif_read_data(Law-3.jpg): Incorrect APP1 Exif Identifier Code in /opt/lampp/htdocs/Astra1/wp-admin/includes/image.php on line 856
[21-Oct-2023 17:51:50 UTC] PHP Warning:  exif_read_data(Law-3.jpg): Incorrect APP1 Exif Identifier Code in /opt/lampp/htdocs/Astra1/wp-admin/includes/image.php on line 856
[21-Oct-2023 17:51:50 UTC] PHP Warning:  exif_read_data(Law-4.jpg): Incorrect APP1 Exif Identifier Code in /opt/lampp/htdocs/Astra1/wp-admin/includes/image.php on line 856
[21-Oct-2023 17:51:50 UTC] PHP Warning:  exif_read_data(Law-4.jpg): Incorrect APP1 Exif Identifier Code in /opt/lampp/htdocs/Astra1/wp-admin/includes/image.php on line 856
[21-Oct-2023 17:51:53 UTC] PHP Warning:  exif_read_data(pic-7.jpg): Incorrect APP1 Exif Identifier Code in /opt/lampp/htdocs/Astra1/wp-admin/includes/image.php on line 856
[21-Oct-2023 17:51:53 UTC] PHP Warning:  exif_read_data(pic-7.jpg): Incorrect APP1 Exif Identifier Code in /opt/lampp/htdocs/Astra1/wp-admin/includes/image.php on line 856
[21-Oct-2023 17:51:54 UTC] PHP Warning:  exif_read_data(pic-8.jpg): Incorrect APP1 Exif Identifier Code in /opt/lampp/htdocs/Astra1/wp-admin/includes/image.php on line 856
[21-Oct-2023 17:51:54 UTC] PHP Warning:  exif_read_data(pic-8.jpg): Incorrect APP1 Exif Identifier Code in /opt/lampp/htdocs/Astra1/wp-admin/includes/image.php on line 856
[21-Oct-2023 17:51:54 UTC] PHP Warning:  exif_read_data(pic-9.jpg): Incorrect APP1 Exif Identifier Code in /opt/lampp/htdocs/Astra1/wp-admin/includes/image.php on line 856
[21-Oct-2023 17:51:54 UTC] PHP Warning:  exif_read_data(pic-9.jpg): Incorrect APP1 Exif Identifier Code in /opt/lampp/htdocs/Astra1/wp-admin/includes/image.php on line 856
[21-Oct-2023 17:51:55 UTC] PHP Warning:  exif_read_data(Post-3.jpg): Incorrect APP1 Exif Identifier Code in /opt/lampp/htdocs/Astra1/wp-admin/includes/image.php on line 856
[21-Oct-2023 17:51:55 UTC] PHP Warning:  exif_read_data(Post-3.jpg): Incorrect APP1 Exif Identifier Code in /opt/lampp/htdocs/Astra1/wp-admin/includes/image.php on line 856
[21-Oct-2023 17:51:55 UTC] PHP Warning:  exif_read_data(Post-1.jpg): Incorrect APP1 Exif Identifier Code in /opt/lampp/htdocs/Astra1/wp-admin/includes/image.php on line 856
[21-Oct-2023 17:51:55 UTC] PHP Warning:  exif_read_data(Post-1.jpg): Incorrect APP1 Exif Identifier Code in /opt/lampp/htdocs/Astra1/wp-admin/includes/image.php on line 856
[21-Oct-2023 17:51:56 UTC] PHP Warning:  exif_read_data(Post-2.jpg): Incorrect APP1 Exif Identifier Code in /opt/lampp/htdocs/Astra1/wp-admin/includes/image.php on line 856
[21-Oct-2023 17:51:56 UTC] PHP Warning:  exif_read_data(Post-2.jpg): Incorrect APP1 Exif Identifier Code in /opt/lampp/htdocs/Astra1/wp-admin/includes/image.php on line 856
[21-Oct-2023 17:51:59 UTC] PHP Warning:  exif_read_data(Testimonial-1.jpg): Incorrect APP1 Exif Identifier Code in /opt/lampp/htdocs/Astra1/wp-admin/includes/image.php on line 856
[21-Oct-2023 17:51:59 UTC] PHP Warning:  exif_read_data(Testimonial-1.jpg): Incorrect APP1 Exif Identifier Code in /opt/lampp/htdocs/Astra1/wp-admin/includes/image.php on line 856
[21-Oct-2023 17:52:00 UTC] PHP Warning:  exif_read_data(Testimonial-2.jpg): Incorrect APP1 Exif Identifier Code in /opt/lampp/htdocs/Astra1/wp-admin/includes/image.php on line 856
[21-Oct-2023 17:52:00 UTC] PHP Warning:  exif_read_data(Testimonial-2.jpg): Incorrect APP1 Exif Identifier Code in /opt/lampp/htdocs/Astra1/wp-admin/includes/image.php on line 856
[21-Oct-2023 17:52:00 UTC] PHP Warning:  exif_read_data(Testimonial-3.jpg): Incorrect APP1 Exif Identifier Code in /opt/lampp/htdocs/Astra1/wp-admin/includes/image.php on line 856
[21-Oct-2023 17:52:00 UTC] PHP Warning:  exif_read_data(Testimonial-3.jpg): Incorrect APP1 Exif Identifier Code in /opt/lampp/htdocs/Astra1/wp-admin/includes/image.php on line 856
[21-Oct-2023 17:52:01 UTC] PHP Warning:  exif_read_data(Pic-1.jpg): Incorrect APP1 Exif Identifier Code in /opt/lampp/htdocs/Astra1/wp-admin/includes/image.php on line 856
[21-Oct-2023 17:52:01 UTC] PHP Warning:  exif_read_data(Pic-1.jpg): Incorrect APP1 Exif Identifier Code in /opt/lampp/htdocs/Astra1/wp-admin/includes/image.php on line 856
[21-Oct-2023 17:52:03 UTC] PHP Warning:  exif_read_data(pic-12.jpg): Incorrect APP1 Exif Identifier Code in /opt/lampp/htdocs/Astra1/wp-admin/includes/image.php on line 856
[21-Oct-2023 17:52:03 UTC] PHP Warning:  exif_read_data(pic-12.jpg): Incorrect APP1 Exif Identifier Code in /opt/lampp/htdocs/Astra1/wp-admin/includes/image.php on line 856
[21-Oct-2023 17:52:04 UTC] PHP Warning:  exif_read_data(Law-5.jpg): Incorrect APP1 Exif Identifier Code in /opt/lampp/htdocs/Astra1/wp-admin/includes/image.php on line 856
[21-Oct-2023 17:52:04 UTC] PHP Warning:  exif_read_data(Law-5.jpg): Incorrect APP1 Exif Identifier Code in /opt/lampp/htdocs/Astra1/wp-admin/includes/image.php on line 856
[21-Oct-2023 17:52:04 UTC] PHP Warning:  exif_read_data(Law-6.jpg): Incorrect APP1 Exif Identifier Code in /opt/lampp/htdocs/Astra1/wp-admin/includes/image.php on line 856
[21-Oct-2023 17:52:04 UTC] PHP Warning:  exif_read_data(Law-6.jpg): Incorrect APP1 Exif Identifier Code in /opt/lampp/htdocs/Astra1/wp-admin/includes/image.php on line 856
[21-Oct-2023 17:52:07 UTC] PHP Warning:  Undefined array key "custom-types" in /opt/lampp/htdocs/Astra1/wp-content/plugins/royal-elementor-addons/admin/templates-kit.php on line 642
[21-Oct-2023 17:52:08 UTC] PHP Warning:  exif_read_data(pic-2.jpg): Incorrect APP1 Exif Identifier Code in /opt/lampp/htdocs/Astra1/wp-admin/includes/image.php on line 856
[21-Oct-2023 17:52:08 UTC] PHP Warning:  exif_read_data(pic-2.jpg): Incorrect APP1 Exif Identifier Code in /opt/lampp/htdocs/Astra1/wp-admin/includes/image.php on line 856
[21-Oct-2023 17:52:08 UTC] PHP Warning:  exif_read_data(pic-4.jpg): Incorrect APP1 Exif Identifier Code in /opt/lampp/htdocs/Astra1/wp-admin/includes/image.php on line 856
[21-Oct-2023 17:52:08 UTC] PHP Warning:  exif_read_data(pic-4.jpg): Incorrect APP1 Exif Identifier Code in /opt/lampp/htdocs/Astra1/wp-admin/includes/image.php on line 856
[21-Oct-2023 17:52:08 UTC] PHP Warning:  exif_read_data(pic-5.jpg): Incorrect APP1 Exif Identifier Code in /opt/lampp/htdocs/Astra1/wp-admin/includes/image.php on line 856
[21-Oct-2023 17:52:08 UTC] PHP Warning:  exif_read_data(pic-5.jpg): Incorrect APP1 Exif Identifier Code in /opt/lampp/htdocs/Astra1/wp-admin/includes/image.php on line 856
[21-Oct-2023 17:52:08 UTC] PHP Warning:  exif_read_data(Law-1.jpg): Incorrect APP1 Exif Identifier Code in /opt/lampp/htdocs/Astra1/wp-admin/includes/image.php on line 856
[21-Oct-2023 17:52:08 UTC] PHP Warning:  exif_read_data(Law-1.jpg): Incorrect APP1 Exif Identifier Code in /opt/lampp/htdocs/Astra1/wp-admin/includes/image.php on line 856
[21-Oct-2023 17:52:08 UTC] PHP Warning:  exif_read_data(Law-2.jpg): Incorrect APP1 Exif Identifier Code in /opt/lampp/htdocs/Astra1/wp-admin/includes/image.php on line 856
[21-Oct-2023 17:52:08 UTC] PHP Warning:  exif_read_data(Law-2.jpg): Incorrect APP1 Exif Identifier Code in /opt/lampp/htdocs/Astra1/wp-admin/includes/image.php on line 856
[21-Oct-2023 17:52:08 UTC] PHP Warning:  exif_read_data(Law-3.jpg): Incorrect APP1 Exif Identifier Code in /opt/lampp/htdocs/Astra1/wp-admin/includes/image.php on line 856
[21-Oct-2023 17:52:08 UTC] PHP Warning:  exif_read_data(Law-3.jpg): Incorrect APP1 Exif Identifier Code in /opt/lampp/htdocs/Astra1/wp-admin/includes/image.php on line 856
[21-Oct-2023 17:52:08 UTC] PHP Warning:  exif_read_data(Law-4.jpg): Incorrect APP1 Exif Identifier Code in /opt/lampp/htdocs/Astra1/wp-admin/includes/image.php on line 856
[21-Oct-2023 17:52:08 UTC] PHP Warning:  exif_read_data(Law-4.jpg): Incorrect APP1 Exif Identifier Code in /opt/lampp/htdocs/Astra1/wp-admin/includes/image.php on line 856
[21-Oct-2023 17:52:09 UTC] PHP Warning:  exif_read_data(pic-7.jpg): Incorrect APP1 Exif Identifier Code in /opt/lampp/htdocs/Astra1/wp-admin/includes/image.php on line 856
[21-Oct-2023 17:52:09 UTC] PHP Warning:  exif_read_data(pic-7.jpg): Incorrect APP1 Exif Identifier Code in /opt/lampp/htdocs/Astra1/wp-admin/includes/image.php on line 856
[21-Oct-2023 17:52:09 UTC] PHP Warning:  exif_read_data(pic-8.jpg): Incorrect APP1 Exif Identifier Code in /opt/lampp/htdocs/Astra1/wp-admin/includes/image.php on line 856
[21-Oct-2023 17:52:09 UTC] PHP Warning:  exif_read_data(pic-8.jpg): Incorrect APP1 Exif Identifier Code in /opt/lampp/htdocs/Astra1/wp-admin/includes/image.php on line 856
[21-Oct-2023 17:52:09 UTC] PHP Warning:  exif_read_data(pic-9.jpg): Incorrect APP1 Exif Identifier Code in /opt/lampp/htdocs/Astra1/wp-admin/includes/image.php on line 856
[21-Oct-2023 17:52:09 UTC] PHP Warning:  exif_read_data(pic-9.jpg): Incorrect APP1 Exif Identifier Code in /opt/lampp/htdocs/Astra1/wp-admin/includes/image.php on line 856
[21-Oct-2023 17:52:09 UTC] PHP Warning:  exif_read_data(Post-3.jpg): Incorrect APP1 Exif Identifier Code in /opt/lampp/htdocs/Astra1/wp-admin/includes/image.php on line 856
[21-Oct-2023 17:52:09 UTC] PHP Warning:  exif_read_data(Post-3.jpg): Incorrect APP1 Exif Identifier Code in /opt/lampp/htdocs/Astra1/wp-admin/includes/image.php on line 856
[21-Oct-2023 17:52:09 UTC] PHP Warning:  exif_read_data(Post-1.jpg): Incorrect APP1 Exif Identifier Code in /opt/lampp/htdocs/Astra1/wp-admin/includes/image.php on line 856
[21-Oct-2023 17:52:09 UTC] PHP Warning:  exif_read_data(Post-1.jpg): Incorrect APP1 Exif Identifier Code in /opt/lampp/htdocs/Astra1/wp-admin/includes/image.php on line 856
[21-Oct-2023 17:52:09 UTC] PHP Warning:  exif_read_data(Post-2.jpg): Incorrect APP1 Exif Identifier Code in /opt/lampp/htdocs/Astra1/wp-admin/includes/image.php on line 856
[21-Oct-2023 17:52:09 UTC] PHP Warning:  exif_read_data(Post-2.jpg): Incorrect APP1 Exif Identifier Code in /opt/lampp/htdocs/Astra1/wp-admin/includes/image.php on line 856
[21-Oct-2023 17:52:10 UTC] PHP Warning:  exif_read_data(Testimonial-1.jpg): Incorrect APP1 Exif Identifier Code in /opt/lampp/htdocs/Astra1/wp-admin/includes/image.php on line 856
[21-Oct-2023 17:52:10 UTC] PHP Warning:  exif_read_data(Testimonial-1.jpg): Incorrect APP1 Exif Identifier Code in /opt/lampp/htdocs/Astra1/wp-admin/includes/image.php on line 856
[21-Oct-2023 17:52:10 UTC] PHP Warning:  exif_read_data(Testimonial-2.jpg): Incorrect APP1 Exif Identifier Code in /opt/lampp/htdocs/Astra1/wp-admin/includes/image.php on line 856
[21-Oct-2023 17:52:10 UTC] PHP Warning:  exif_read_data(Testimonial-2.jpg): Incorrect APP1 Exif Identifier Code in /opt/lampp/htdocs/Astra1/wp-admin/includes/image.php on line 856
[21-Oct-2023 17:52:10 UTC] PHP Warning:  exif_read_data(Testimonial-3.jpg): Incorrect APP1 Exif Identifier Code in /opt/lampp/htdocs/Astra1/wp-admin/includes/image.php on line 856
[21-Oct-2023 17:52:10 UTC] PHP Warning:  exif_read_data(Testimonial-3.jpg): Incorrect APP1 Exif Identifier Code in /opt/lampp/htdocs/Astra1/wp-admin/includes/image.php on line 856
[21-Oct-2023 17:52:10 UTC] PHP Warning:  exif_read_data(Pic-1.jpg): Incorrect APP1 Exif Identifier Code in /opt/lampp/htdocs/Astra1/wp-admin/includes/image.php on line 856
[21-Oct-2023 17:52:10 UTC] PHP Warning:  exif_read_data(Pic-1.jpg): Incorrect APP1 Exif Identifier Code in /opt/lampp/htdocs/Astra1/wp-admin/includes/image.php on line 856
[21-Oct-2023 17:52:10 UTC] PHP Warning:  exif_read_data(pic-12.jpg): Incorrect APP1 Exif Identifier Code in /opt/lampp/htdocs/Astra1/wp-admin/includes/image.php on line 856
[21-Oct-2023 17:52:10 UTC] PHP Warning:  exif_read_data(pic-12.jpg): Incorrect APP1 Exif Identifier Code in /opt/lampp/htdocs/Astra1/wp-admin/includes/image.php on line 856
[21-Oct-2023 17:52:10 UTC] PHP Warning:  exif_read_data(Law-5.jpg): Incorrect APP1 Exif Identifier Code in /opt/lampp/htdocs/Astra1/wp-admin/includes/image.php on line 856
[21-Oct-2023 17:52:10 UTC] PHP Warning:  exif_read_data(Law-5.jpg): Incorrect APP1 Exif Identifier Code in /opt/lampp/htdocs/Astra1/wp-admin/includes/image.php on line 856
[21-Oct-2023 17:52:10 UTC] PHP Warning:  exif_read_data(Law-6.jpg): Incorrect APP1 Exif Identifier Code in /opt/lampp/htdocs/Astra1/wp-admin/includes/image.php on line 856
[21-Oct-2023 17:52:10 UTC] PHP Warning:  exif_read_data(Law-6.jpg): Incorrect APP1 Exif Identifier Code in /opt/lampp/htdocs/Astra1/wp-admin/includes/image.php on line 856
[21-Oct-2023 17:52:43 UTC] PHP Deprecated:  Creation of dynamic property Elementor\Includes\Elements\Container::$logical_dimensions_inline_start is deprecated in /opt/lampp/htdocs/Astra1/wp-content/plugins/elementor/includes/elements/container.php on line 42
[21-Oct-2023 17:52:43 UTC] PHP Deprecated:  Creation of dynamic property Elementor\Includes\Elements\Container::$logical_dimensions_inline_end is deprecated in /opt/lampp/htdocs/Astra1/wp-content/plugins/elementor/includes/elements/container.php on line 43
[21-Oct-2023 17:52:44 UTC] PHP Deprecated:  Creation of dynamic property WprAddons\Modules\ContentTicker\Widgets\Wpr_Content_Ticker::$post_types is deprecated in /opt/lampp/htdocs/Astra1/wp-content/plugins/royal-elementor-addons/modules/content-ticker/widgets/wpr-content-ticker.php on line 139
[21-Oct-2023 17:53:06 UTC] PHP Deprecated:  Creation of dynamic property WprAddons\Modules\ContentTicker\Widgets\Wpr_Content_Ticker::$post_types is deprecated in /opt/lampp/htdocs/Astra1/wp-content/plugins/royal-elementor-addons/modules/content-ticker/widgets/wpr-content-ticker.php on line 139
[21-Oct-2023 17:53:06 UTC] PHP Deprecated:  Creation of dynamic property Elementor\Includes\Elements\Container::$logical_dimensions_inline_start is deprecated in /opt/lampp/htdocs/Astra1/wp-content/plugins/elementor/includes/elements/container.php on line 42
[21-Oct-2023 17:53:06 UTC] PHP Deprecated:  Creation of dynamic property Elementor\Includes\Elements\Container::$logical_dimensions_inline_end is deprecated in /opt/lampp/htdocs/Astra1/wp-content/plugins/elementor/includes/elements/container.php on line 43
[21-Oct-2023 17:53:06 UTC] PHP Deprecated:  Creation of dynamic property WprAddons\Modules\PostsTimeline\Widgets\Wpr_Posts_Timeline::$my_query is deprecated in /opt/lampp/htdocs/Astra1/wp-content/plugins/royal-elementor-addons/modules/posts-timeline/widgets/wpr-posts-timeline.php on line 5675
[21-Oct-2023 17:53:06 UTC] PHP Deprecated:  Creation of dynamic property WprAddons\Modules\PostsTimeline\Widgets\Wpr_Posts_Timeline::$animation is deprecated in /opt/lampp/htdocs/Astra1/wp-content/plugins/royal-elementor-addons/modules/posts-timeline/widgets/wpr-posts-timeline.php on line 5679
[21-Oct-2023 17:53:06 UTC] PHP Deprecated:  Creation of dynamic property WprAddons\Modules\PostsTimeline\Widgets\Wpr_Posts_Timeline::$animation_loadmore_left is deprecated in /opt/lampp/htdocs/Astra1/wp-content/plugins/royal-elementor-addons/modules/posts-timeline/widgets/wpr-posts-timeline.php on line 5680
[21-Oct-2023 17:53:06 UTC] PHP Deprecated:  Creation of dynamic property WprAddons\Modules\PostsTimeline\Widgets\Wpr_Posts_Timeline::$animation_loadmore_right is deprecated in /opt/lampp/htdocs/Astra1/wp-content/plugins/royal-elementor-addons/modules/posts-timeline/widgets/wpr-posts-timeline.php on line 5681
[21-Oct-2023 17:53:06 UTC] PHP Deprecated:  Creation of dynamic property WprAddons\Modules\PostsTimeline\Widgets\Wpr_Posts_Timeline::$timeline_fill is deprecated in /opt/lampp/htdocs/Astra1/wp-content/plugins/royal-elementor-addons/modules/posts-timeline/widgets/wpr-posts-timeline.php on line 5683
[21-Oct-2023 17:53:06 UTC] PHP Deprecated:  Creation of dynamic property WprAddons\Modules\PostsTimeline\Widgets\Wpr_Posts_Timeline::$show_readmore is deprecated in /opt/lampp/htdocs/Astra1/wp-content/plugins/royal-elementor-addons/modules/posts-timeline/widgets/wpr-posts-timeline.php on line 5684
[21-Oct-2023 17:53:06 UTC] PHP Deprecated:  Creation of dynamic property WprAddons\Modules\PostsTimeline\Widgets\Wpr_Posts_Timeline::$pagination_type is deprecated in /opt/lampp/htdocs/Astra1/wp-content/plugins/royal-elementor-addons/modules/posts-timeline/widgets/wpr-posts-timeline.php on line 5697
[21-Oct-2023 17:53:06 UTC] PHP Deprecated:  Creation of dynamic property WprAddons\Modules\PostsTimeline\Widgets\Wpr_Posts_Timeline::$pagination_max_pages is deprecated in /opt/lampp/htdocs/Astra1/wp-content/plugins/royal-elementor-addons/modules/posts-timeline/widgets/wpr-posts-timeline.php on line 5698
[21-Oct-2023 17:53:06 UTC] PHP Deprecated:  Creation of dynamic property WprAddons\Modules\PostsTimeline\Widgets\Wpr_Posts_Timeline::$animation_class is deprecated in /opt/lampp/htdocs/Astra1/wp-content/plugins/royal-elementor-addons/modules/posts-timeline/widgets/wpr-posts-timeline.php on line 5708
[21-Oct-2023 17:53:06 UTC] PHP Deprecated:  Creation of dynamic property WprAddons\Modules\PostsTimeline\Widgets\Wpr_Posts_Timeline::$timeline_layout is deprecated in /opt/lampp/htdocs/Astra1/wp-content/plugins/royal-elementor-addons/modules/posts-timeline/widgets/wpr-posts-timeline.php on line 5720
[21-Oct-2023 17:53:06 UTC] PHP Deprecated:  Creation of dynamic property WprAddons\Modules\PostsTimeline\Widgets\Wpr_Posts_Timeline::$timeline_layout_wrapper is deprecated in /opt/lampp/htdocs/Astra1/wp-content/plugins/royal-elementor-addons/modules/posts-timeline/widgets/wpr-posts-timeline.php on line 5721
[21-Oct-2023 17:53:06 UTC] PHP Deprecated:  Creation of dynamic property WprAddons\Modules\PostsTimeline\Widgets\Wpr_Posts_Timeline::$item_url_count is deprecated in /opt/lampp/htdocs/Astra1/wp-content/plugins/royal-elementor-addons/modules/posts-timeline/widgets/wpr-posts-timeline.php on line 5731
[21-Oct-2023 17:53:06 UTC] PHP Deprecated:  Creation of dynamic property WprAddons\Modules\PostsTimeline\Widgets\Wpr_Posts_Timeline::$thumbnail_size is deprecated in /opt/lampp/htdocs/Astra1/wp-content/plugins/royal-elementor-addons/modules/posts-timeline/widgets/wpr-posts-timeline.php on line 5287
[21-Oct-2023 17:53:06 UTC] PHP Deprecated:  Creation of dynamic property WprAddons\Modules\PostsTimeline\Widgets\Wpr_Posts_Timeline::$thumbnail_custom_dimension is deprecated in /opt/lampp/htdocs/Astra1/wp-content/plugins/royal-elementor-addons/modules/posts-timeline/widgets/wpr-posts-timeline.php on line 5288
[21-Oct-2023 17:53:06 UTC] PHP Deprecated:  Creation of dynamic property WprAddons\Modules\PostsTimeline\Widgets\Wpr_Posts_Timeline::$show_year_label is deprecated in /opt/lampp/htdocs/Astra1/wp-content/plugins/royal-elementor-addons/modules/posts-timeline/widgets/wpr-posts-timeline.php on line 5290
[21-Oct-2023 17:53:06 UTC] PHP Deprecated:  Creation of dynamic property WprAddons\Modules\PostsTimeline\Widgets\Wpr_Posts_Timeline::$timeline_year is deprecated in /opt/lampp/htdocs/Astra1/wp-content/plugins/royal-elementor-addons/modules/posts-timeline/widgets/wpr-posts-timeline.php on line 5291
[21-Oct-2023 17:53:06 UTC] PHP Deprecated:  Creation of dynamic property WprAddons\Modules\PostsTimeline\Widgets\Wpr_Posts_Timeline::$image is deprecated in /opt/lampp/htdocs/Astra1/wp-content/plugins/royal-elementor-addons/modules/posts-timeline/widgets/wpr-posts-timeline.php on line 5189
[21-Oct-2023 17:53:34 UTC] PHP Deprecated:  Creation of dynamic property Elementor\Includes\Elements\Container::$logical_dimensions_inline_start is deprecated in /opt/lampp/htdocs/Astra1/wp-content/plugins/elementor/includes/elements/container.php on line 42
[21-Oct-2023 17:53:34 UTC] PHP Deprecated:  Creation of dynamic property Elementor\Includes\Elements\Container::$logical_dimensions_inline_end is deprecated in /opt/lampp/htdocs/Astra1/wp-content/plugins/elementor/includes/elements/container.php on line 43
[21-Oct-2023 17:53:34 UTC] PHP Deprecated:  Creation of dynamic property WprAddons\Modules\PostsTimeline\Widgets\Wpr_Posts_Timeline::$my_query is deprecated in /opt/lampp/htdocs/Astra1/wp-content/plugins/royal-elementor-addons/modules/posts-timeline/widgets/wpr-posts-timeline.php on line 5675
[21-Oct-2023 17:53:34 UTC] PHP Deprecated:  Creation of dynamic property WprAddons\Modules\PostsTimeline\Widgets\Wpr_Posts_Timeline::$animation is deprecated in /opt/lampp/htdocs/Astra1/wp-content/plugins/royal-elementor-addons/modules/posts-timeline/widgets/wpr-posts-timeline.php on line 5679
[21-Oct-2023 17:53:34 UTC] PHP Deprecated:  Creation of dynamic property WprAddons\Modules\PostsTimeline\Widgets\Wpr_Posts_Timeline::$animation_loadmore_left is deprecated in /opt/lampp/htdocs/Astra1/wp-content/plugins/royal-elementor-addons/modules/posts-timeline/widgets/wpr-posts-timeline.php on line 5680
[21-Oct-2023 17:53:34 UTC] PHP Deprecated:  Creation of dynamic property WprAddons\Modules\PostsTimeline\Widgets\Wpr_Posts_Timeline::$animation_loadmore_right is deprecated in /opt/lampp/htdocs/Astra1/wp-content/plugins/royal-elementor-addons/modules/posts-timeline/widgets/wpr-posts-timeline.php on line 5681
[21-Oct-2023 17:53:34 UTC] PHP Deprecated:  Creation of dynamic property WprAddons\Modules\PostsTimeline\Widgets\Wpr_Posts_Timeline::$timeline_fill is deprecated in /opt/lampp/htdocs/Astra1/wp-content/plugins/royal-elementor-addons/modules/posts-timeline/widgets/wpr-posts-timeline.php on line 5683
[21-Oct-2023 17:53:34 UTC] PHP Deprecated:  Creation of dynamic property WprAddons\Modules\PostsTimeline\Widgets\Wpr_Posts_Timeline::$show_readmore is deprecated in /opt/lampp/htdocs/Astra1/wp-content/plugins/royal-elementor-addons/modules/posts-timeline/widgets/wpr-posts-timeline.php on line 5684
[21-Oct-2023 17:53:34 UTC] PHP Deprecated:  Creation of dynamic property WprAddons\Modules\PostsTimeline\Widgets\Wpr_Posts_Timeline::$pagination_type is deprecated in /opt/lampp/htdocs/Astra1/wp-content/plugins/royal-elementor-addons/modules/posts-timeline/widgets/wpr-posts-timeline.php on line 5697
[21-Oct-2023 17:53:34 UTC] PHP Deprecated:  Creation of dynamic property WprAddons\Modules\PostsTimeline\Widgets\Wpr_Posts_Timeline::$pagination_max_pages is deprecated in /opt/lampp/htdocs/Astra1/wp-content/plugins/royal-elementor-addons/modules/posts-timeline/widgets/wpr-posts-timeline.php on line 5698
[21-Oct-2023 17:53:34 UTC] PHP Deprecated:  Creation of dynamic property WprAddons\Modules\PostsTimeline\Widgets\Wpr_Posts_Timeline::$animation_class is deprecated in /opt/lampp/htdocs/Astra1/wp-content/plugins/royal-elementor-addons/modules/posts-timeline/widgets/wpr-posts-timeline.php on line 5708
[21-Oct-2023 17:53:34 UTC] PHP Deprecated:  Creation of dynamic property WprAddons\Modules\PostsTimeline\Widgets\Wpr_Posts_Timeline::$timeline_layout is deprecated in /opt/lampp/htdocs/Astra1/wp-content/plugins/royal-elementor-addons/modules/posts-timeline/widgets/wpr-posts-timeline.php on line 5720
[21-Oct-2023 17:53:34 UTC] PHP Deprecated:  Creation of dynamic property WprAddons\Modules\PostsTimeline\Widgets\Wpr_Posts_Timeline::$timeline_layout_wrapper is deprecated in /opt/lampp/htdocs/Astra1/wp-content/plugins/royal-elementor-addons/modules/posts-timeline/widgets/wpr-posts-timeline.php on line 5721
[21-Oct-2023 17:53:34 UTC] PHP Deprecated:  Creation of dynamic property WprAddons\Modules\PostsTimeline\Widgets\Wpr_Posts_Timeline::$item_url_count is deprecated in /opt/lampp/htdocs/Astra1/wp-content/plugins/royal-elementor-addons/modules/posts-timeline/widgets/wpr-posts-timeline.php on line 5731
[21-Oct-2023 17:53:34 UTC] PHP Deprecated:  Creation of dynamic property WprAddons\Modules\PostsTimeline\Widgets\Wpr_Posts_Timeline::$thumbnail_size is deprecated in /opt/lampp/htdocs/Astra1/wp-content/plugins/royal-elementor-addons/modules/posts-timeline/widgets/wpr-posts-timeline.php on line 5287
[21-Oct-2023 17:53:34 UTC] PHP Deprecated:  Creation of dynamic property WprAddons\Modules\PostsTimeline\Widgets\Wpr_Posts_Timeline::$thumbnail_custom_dimension is deprecated in /opt/lampp/htdocs/Astra1/wp-content/plugins/royal-elementor-addons/modules/posts-timeline/widgets/wpr-posts-timeline.php on line 5288
[21-Oct-2023 17:53:34 UTC] PHP Deprecated:  Creation of dynamic property WprAddons\Modules\PostsTimeline\Widgets\Wpr_Posts_Timeline::$show_year_label is deprecated in /opt/lampp/htdocs/Astra1/wp-content/plugins/royal-elementor-addons/modules/posts-timeline/widgets/wpr-posts-timeline.php on line 5290
[21-Oct-2023 17:53:34 UTC] PHP Deprecated:  Creation of dynamic property WprAddons\Modules\PostsTimeline\Widgets\Wpr_Posts_Timeline::$timeline_year is deprecated in /opt/lampp/htdocs/Astra1/wp-content/plugins/royal-elementor-addons/modules/posts-timeline/widgets/wpr-posts-timeline.php on line 5291
[21-Oct-2023 17:53:34 UTC] PHP Deprecated:  Creation of dynamic property WprAddons\Modules\PostsTimeline\Widgets\Wpr_Posts_Timeline::$image is deprecated in /opt/lampp/htdocs/Astra1/wp-content/plugins/royal-elementor-addons/modules/posts-timeline/widgets/wpr-posts-timeline.php on line 5189
[21-Oct-2023 17:53:35 UTC] PHP Deprecated:  Creation of dynamic property Elementor\Includes\Elements\Container::$logical_dimensions_inline_start is deprecated in /opt/lampp/htdocs/Astra1/wp-content/plugins/elementor/includes/elements/container.php on line 42
[21-Oct-2023 17:53:35 UTC] PHP Deprecated:  Creation of dynamic property Elementor\Includes\Elements\Container::$logical_dimensions_inline_end is deprecated in /opt/lampp/htdocs/Astra1/wp-content/plugins/elementor/includes/elements/container.php on line 43
[21-Oct-2023 17:53:36 UTC] PHP Deprecated:  Creation of dynamic property WprAddons\Modules\ContentTicker\Widgets\Wpr_Content_Ticker::$post_types is deprecated in /opt/lampp/htdocs/Astra1/wp-content/plugins/royal-elementor-addons/modules/content-ticker/widgets/wpr-content-ticker.php on line 139
[21-Oct-2023 18:01:14 UTC] PHP Deprecated:  Creation of dynamic property WprAddons\Modules\PostsTimeline\Widgets\Wpr_Posts_Timeline::$my_query is deprecated in /opt/lampp/htdocs/Astra1/wp-content/plugins/royal-elementor-addons/modules/posts-timeline/widgets/wpr-posts-timeline.php on line 5675
[21-Oct-2023 18:01:14 UTC] PHP Deprecated:  Creation of dynamic property WprAddons\Modules\PostsTimeline\Widgets\Wpr_Posts_Timeline::$animation is deprecated in /opt/lampp/htdocs/Astra1/wp-content/plugins/royal-elementor-addons/modules/posts-timeline/widgets/wpr-posts-timeline.php on line 5679
[21-Oct-2023 18:01:14 UTC] PHP Deprecated:  Creation of dynamic property WprAddons\Modules\PostsTimeline\Widgets\Wpr_Posts_Timeline::$animation_loadmore_left is deprecated in /opt/lampp/htdocs/Astra1/wp-content/plugins/royal-elementor-addons/modules/posts-timeline/widgets/wpr-posts-timeline.php on line 5680
[21-Oct-2023 18:01:14 UTC] PHP Deprecated:  Creation of dynamic property WprAddons\Modules\PostsTimeline\Widgets\Wpr_Posts_Timeline::$animation_loadmore_right is deprecated in /opt/lampp/htdocs/Astra1/wp-content/plugins/royal-elementor-addons/modules/posts-timeline/widgets/wpr-posts-timeline.php on line 5681
[21-Oct-2023 18:01:14 UTC] PHP Deprecated:  Creation of dynamic property WprAddons\Modules\PostsTimeline\Widgets\Wpr_Posts_Timeline::$timeline_fill is deprecated in /opt/lampp/htdocs/Astra1/wp-content/plugins/royal-elementor-addons/modules/posts-timeline/widgets/wpr-posts-timeline.php on line 5683
[21-Oct-2023 18:01:14 UTC] PHP Deprecated:  Creation of dynamic property WprAddons\Modules\PostsTimeline\Widgets\Wpr_Posts_Timeline::$show_readmore is deprecated in /opt/lampp/htdocs/Astra1/wp-content/plugins/royal-elementor-addons/modules/posts-timeline/widgets/wpr-posts-timeline.php on line 5684
[21-Oct-2023 18:01:14 UTC] PHP Deprecated:  Creation of dynamic property WprAddons\Modules\PostsTimeline\Widgets\Wpr_Posts_Timeline::$pagination_type is deprecated in /opt/lampp/htdocs/Astra1/wp-content/plugins/royal-elementor-addons/modules/posts-timeline/widgets/wpr-posts-timeline.php on line 5697
[21-Oct-2023 18:01:14 UTC] PHP Deprecated:  Creation of dynamic property WprAddons\Modules\PostsTimeline\Widgets\Wpr_Posts_Timeline::$pagination_max_pages is deprecated in /opt/lampp/htdocs/Astra1/wp-content/plugins/royal-elementor-addons/modules/posts-timeline/widgets/wpr-posts-timeline.php on line 5698
[21-Oct-2023 18:01:14 UTC] PHP Deprecated:  Creation of dynamic property WprAddons\Modules\PostsTimeline\Widgets\Wpr_Posts_Timeline::$animation_class is deprecated in /opt/lampp/htdocs/Astra1/wp-content/plugins/royal-elementor-addons/modules/posts-timeline/widgets/wpr-posts-timeline.php on line 5708
[21-Oct-2023 18:01:14 UTC] PHP Deprecated:  Creation of dynamic property WprAddons\Modules\PostsTimeline\Widgets\Wpr_Posts_Timeline::$timeline_layout is deprecated in /opt/lampp/htdocs/Astra1/wp-content/plugins/royal-elementor-addons/modules/posts-timeline/widgets/wpr-posts-timeline.php on line 5720
[21-Oct-2023 18:01:14 UTC] PHP Deprecated:  Creation of dynamic property WprAddons\Modules\PostsTimeline\Widgets\Wpr_Posts_Timeline::$timeline_layout_wrapper is deprecated in /opt/lampp/htdocs/Astra1/wp-content/plugins/royal-elementor-addons/modules/posts-timeline/widgets/wpr-posts-timeline.php on line 5721
[21-Oct-2023 18:01:14 UTC] PHP Deprecated:  Creation of dynamic property WprAddons\Modules\PostsTimeline\Widgets\Wpr_Posts_Timeline::$item_url_count is deprecated in /opt/lampp/htdocs/Astra1/wp-content/plugins/royal-elementor-addons/modules/posts-timeline/widgets/wpr-posts-timeline.php on line 5731
[21-Oct-2023 18:01:14 UTC] PHP Deprecated:  Creation of dynamic property WprAddons\Modules\PostsTimeline\Widgets\Wpr_Posts_Timeline::$thumbnail_size is deprecated in /opt/lampp/htdocs/Astra1/wp-content/plugins/royal-elementor-addons/modules/posts-timeline/widgets/wpr-posts-timeline.php on line 5287
[21-Oct-2023 18:01:14 UTC] PHP Deprecated:  Creation of dynamic property WprAddons\Modules\PostsTimeline\Widgets\Wpr_Posts_Timeline::$thumbnail_custom_dimension is deprecated in /opt/lampp/htdocs/Astra1/wp-content/plugins/royal-elementor-addons/modules/posts-timeline/widgets/wpr-posts-timeline.php on line 5288
[21-Oct-2023 18:01:14 UTC] PHP Deprecated:  Creation of dynamic property WprAddons\Modules\PostsTimeline\Widgets\Wpr_Posts_Timeline::$show_year_label is deprecated in /opt/lampp/htdocs/Astra1/wp-content/plugins/royal-elementor-addons/modules/posts-timeline/widgets/wpr-posts-timeline.php on line 5290
[21-Oct-2023 18:01:14 UTC] PHP Deprecated:  Creation of dynamic property WprAddons\Modules\PostsTimeline\Widgets\Wpr_Posts_Timeline::$timeline_year is deprecated in /opt/lampp/htdocs/Astra1/wp-content/plugins/royal-elementor-addons/modules/posts-timeline/widgets/wpr-posts-timeline.php on line 5291
[21-Oct-2023 18:01:14 UTC] PHP Deprecated:  Creation of dynamic property WprAddons\Modules\PostsTimeline\Widgets\Wpr_Posts_Timeline::$image is deprecated in /opt/lampp/htdocs/Astra1/wp-content/plugins/royal-elementor-addons/modules/posts-timeline/widgets/wpr-posts-timeline.php on line 5189
[21-Oct-2023 18:01:18 UTC] PHP Deprecated:  Creation of dynamic property WprAddons\Modules\PostsTimeline\Widgets\Wpr_Posts_Timeline::$my_query is deprecated in /opt/lampp/htdocs/Astra1/wp-content/plugins/royal-elementor-addons/modules/posts-timeline/widgets/wpr-posts-timeline.php on line 5675
[21-Oct-2023 18:01:18 UTC] PHP Deprecated:  Creation of dynamic property WprAddons\Modules\PostsTimeline\Widgets\Wpr_Posts_Timeline::$animation is deprecated in /opt/lampp/htdocs/Astra1/wp-content/plugins/royal-elementor-addons/modules/posts-timeline/widgets/wpr-posts-timeline.php on line 5679
[21-Oct-2023 18:01:18 UTC] PHP Deprecated:  Creation of dynamic property WprAddons\Modules\PostsTimeline\Widgets\Wpr_Posts_Timeline::$animation_loadmore_left is deprecated in /opt/lampp/htdocs/Astra1/wp-content/plugins/royal-elementor-addons/modules/posts-timeline/widgets/wpr-posts-timeline.php on line 5680
[21-Oct-2023 18:01:18 UTC] PHP Deprecated:  Creation of dynamic property WprAddons\Modules\PostsTimeline\Widgets\Wpr_Posts_Timeline::$animation_loadmore_right is deprecated in /opt/lampp/htdocs/Astra1/wp-content/plugins/royal-elementor-addons/modules/posts-timeline/widgets/wpr-posts-timeline.php on line 5681
[21-Oct-2023 18:01:18 UTC] PHP Deprecated:  Creation of dynamic property WprAddons\Modules\PostsTimeline\Widgets\Wpr_Posts_Timeline::$timeline_fill is deprecated in /opt/lampp/htdocs/Astra1/wp-content/plugins/royal-elementor-addons/modules/posts-timeline/widgets/wpr-posts-timeline.php on line 5683
[21-Oct-2023 18:01:18 UTC] PHP Deprecated:  Creation of dynamic property WprAddons\Modules\PostsTimeline\Widgets\Wpr_Posts_Timeline::$show_readmore is deprecated in /opt/lampp/htdocs/Astra1/wp-content/plugins/royal-elementor-addons/modules/posts-timeline/widgets/wpr-posts-timeline.php on line 5684
[21-Oct-2023 18:01:18 UTC] PHP Deprecated:  Creation of dynamic property WprAddons\Modules\PostsTimeline\Widgets\Wpr_Posts_Timeline::$pagination_type is deprecated in /opt/lampp/htdocs/Astra1/wp-content/plugins/royal-elementor-addons/modules/posts-timeline/widgets/wpr-posts-timeline.php on line 5697
[21-Oct-2023 18:01:18 UTC] PHP Deprecated:  Creation of dynamic property WprAddons\Modules\PostsTimeline\Widgets\Wpr_Posts_Timeline::$pagination_max_pages is deprecated in /opt/lampp/htdocs/Astra1/wp-content/plugins/royal-elementor-addons/modules/posts-timeline/widgets/wpr-posts-timeline.php on line 5698
[21-Oct-2023 18:01:18 UTC] PHP Deprecated:  Creation of dynamic property WprAddons\Modules\PostsTimeline\Widgets\Wpr_Posts_Timeline::$animation_class is deprecated in /opt/lampp/htdocs/Astra1/wp-content/plugins/royal-elementor-addons/modules/posts-timeline/widgets/wpr-posts-timeline.php on line 5708
[21-Oct-2023 18:01:18 UTC] PHP Deprecated:  Creation of dynamic property WprAddons\Modules\PostsTimeline\Widgets\Wpr_Posts_Timeline::$timeline_layout is deprecated in /opt/lampp/htdocs/Astra1/wp-content/plugins/royal-elementor-addons/modules/posts-timeline/widgets/wpr-posts-timeline.php on line 5720
[21-Oct-2023 18:01:18 UTC] PHP Deprecated:  Creation of dynamic property WprAddons\Modules\PostsTimeline\Widgets\Wpr_Posts_Timeline::$timeline_layout_wrapper is deprecated in /opt/lampp/htdocs/Astra1/wp-content/plugins/royal-elementor-addons/modules/posts-timeline/widgets/wpr-posts-timeline.php on line 5721
[21-Oct-2023 18:01:18 UTC] PHP Deprecated:  Creation of dynamic property WprAddons\Modules\PostsTimeline\Widgets\Wpr_Posts_Timeline::$item_url_count is deprecated in /opt/lampp/htdocs/Astra1/wp-content/plugins/royal-elementor-addons/modules/posts-timeline/widgets/wpr-posts-timeline.php on line 5731
[21-Oct-2023 18:01:18 UTC] PHP Deprecated:  Creation of dynamic property WprAddons\Modules\PostsTimeline\Widgets\Wpr_Posts_Timeline::$thumbnail_size is deprecated in /opt/lampp/htdocs/Astra1/wp-content/plugins/royal-elementor-addons/modules/posts-timeline/widgets/wpr-posts-timeline.php on line 5287
[21-Oct-2023 18:01:18 UTC] PHP Deprecated:  Creation of dynamic property WprAddons\Modules\PostsTimeline\Widgets\Wpr_Posts_Timeline::$thumbnail_custom_dimension is deprecated in /opt/lampp/htdocs/Astra1/wp-content/plugins/royal-elementor-addons/modules/posts-timeline/widgets/wpr-posts-timeline.php on line 5288
[21-Oct-2023 18:01:18 UTC] PHP Deprecated:  Creation of dynamic property WprAddons\Modules\PostsTimeline\Widgets\Wpr_Posts_Timeline::$show_year_label is deprecated in /opt/lampp/htdocs/Astra1/wp-content/plugins/royal-elementor-addons/modules/posts-timeline/widgets/wpr-posts-timeline.php on line 5290
[21-Oct-2023 18:01:18 UTC] PHP Deprecated:  Creation of dynamic property WprAddons\Modules\PostsTimeline\Widgets\Wpr_Posts_Timeline::$timeline_year is deprecated in /opt/lampp/htdocs/Astra1/wp-content/plugins/royal-elementor-addons/modules/posts-timeline/widgets/wpr-posts-timeline.php on line 5291
[21-Oct-2023 18:01:18 UTC] PHP Deprecated:  Creation of dynamic property WprAddons\Modules\PostsTimeline\Widgets\Wpr_Posts_Timeline::$image is deprecated in /opt/lampp/htdocs/Astra1/wp-content/plugins/royal-elementor-addons/modules/posts-timeline/widgets/wpr-posts-timeline.php on line 5189
[21-Oct-2023 18:01:37 UTC] PHP Deprecated:  Creation of dynamic property Elementor\Includes\Elements\Container::$logical_dimensions_inline_start is deprecated in /opt/lampp/htdocs/Astra1/wp-content/plugins/elementor/includes/elements/container.php on line 42
[21-Oct-2023 18:01:37 UTC] PHP Deprecated:  Creation of dynamic property Elementor\Includes\Elements\Container::$logical_dimensions_inline_end is deprecated in /opt/lampp/htdocs/Astra1/wp-content/plugins/elementor/includes/elements/container.php on line 43
[21-Oct-2023 18:01:37 UTC] PHP Deprecated:  Creation of dynamic property WprAddons\Modules\PostsTimeline\Widgets\Wpr_Posts_Timeline::$my_query is deprecated in /opt/lampp/htdocs/Astra1/wp-content/plugins/royal-elementor-addons/modules/posts-timeline/widgets/wpr-posts-timeline.php on line 5675
[21-Oct-2023 18:01:37 UTC] PHP Deprecated:  Creation of dynamic property WprAddons\Modules\PostsTimeline\Widgets\Wpr_Posts_Timeline::$animation is deprecated in /opt/lampp/htdocs/Astra1/wp-content/plugins/royal-elementor-addons/modules/posts-timeline/widgets/wpr-posts-timeline.php on line 5679
[21-Oct-2023 18:01:37 UTC] PHP Deprecated:  Creation of dynamic property WprAddons\Modules\PostsTimeline\Widgets\Wpr_Posts_Timeline::$animation_loadmore_left is deprecated in /opt/lampp/htdocs/Astra1/wp-content/plugins/royal-elementor-addons/modules/posts-timeline/widgets/wpr-posts-timeline.php on line 5680
[21-Oct-2023 18:01:37 UTC] PHP Deprecated:  Creation of dynamic property WprAddons\Modules\PostsTimeline\Widgets\Wpr_Posts_Timeline::$animation_loadmore_right is deprecated in /opt/lampp/htdocs/Astra1/wp-content/plugins/royal-elementor-addons/modules/posts-timeline/widgets/wpr-posts-timeline.php on line 5681
[21-Oct-2023 18:01:37 UTC] PHP Deprecated:  Creation of dynamic property WprAddons\Modules\PostsTimeline\Widgets\Wpr_Posts_Timeline::$timeline_fill is deprecated in /opt/lampp/htdocs/Astra1/wp-content/plugins/royal-elementor-addons/modules/posts-timeline/widgets/wpr-posts-timeline.php on line 5683
[21-Oct-2023 18:01:37 UTC] PHP Deprecated:  Creation of dynamic property WprAddons\Modules\PostsTimeline\Widgets\Wpr_Posts_Timeline::$show_readmore is deprecated in /opt/lampp/htdocs/Astra1/wp-content/plugins/royal-elementor-addons/modules/posts-timeline/widgets/wpr-posts-timeline.php on line 5684
[21-Oct-2023 18:01:37 UTC] PHP Deprecated:  Creation of dynamic property WprAddons\Modules\PostsTimeline\Widgets\Wpr_Posts_Timeline::$pagination_type is deprecated in /opt/lampp/htdocs/Astra1/wp-content/plugins/royal-elementor-addons/modules/posts-timeline/widgets/wpr-posts-timeline.php on line 5697
[21-Oct-2023 18:01:37 UTC] PHP Deprecated:  Creation of dynamic property WprAddons\Modules\PostsTimeline\Widgets\Wpr_Posts_Timeline::$pagination_max_pages is deprecated in /opt/lampp/htdocs/Astra1/wp-content/plugins/royal-elementor-addons/modules/posts-timeline/widgets/wpr-posts-timeline.php on line 5698
[21-Oct-2023 18:01:37 UTC] PHP Deprecated:  Creation of dynamic property WprAddons\Modules\PostsTimeline\Widgets\Wpr_Posts_Timeline::$animation_class is deprecated in /opt/lampp/htdocs/Astra1/wp-content/plugins/royal-elementor-addons/modules/posts-timeline/widgets/wpr-posts-timeline.php on line 5708
[21-Oct-2023 18:01:37 UTC] PHP Deprecated:  Creation of dynamic property WprAddons\Modules\PostsTimeline\Widgets\Wpr_Posts_Timeline::$timeline_layout is deprecated in /opt/lampp/htdocs/Astra1/wp-content/plugins/royal-elementor-addons/modules/posts-timeline/widgets/wpr-posts-timeline.php on line 5720
[21-Oct-2023 18:01:37 UTC] PHP Deprecated:  Creation of dynamic property WprAddons\Modules\PostsTimeline\Widgets\Wpr_Posts_Timeline::$timeline_layout_wrapper is deprecated in /opt/lampp/htdocs/Astra1/wp-content/plugins/royal-elementor-addons/modules/posts-timeline/widgets/wpr-posts-timeline.php on line 5721
[21-Oct-2023 18:01:37 UTC] PHP Deprecated:  Creation of dynamic property WprAddons\Modules\PostsTimeline\Widgets\Wpr_Posts_Timeline::$item_url_count is deprecated in /opt/lampp/htdocs/Astra1/wp-content/plugins/royal-elementor-addons/modules/posts-timeline/widgets/wpr-posts-timeline.php on line 5731
[21-Oct-2023 18:01:37 UTC] PHP Deprecated:  Creation of dynamic property WprAddons\Modules\PostsTimeline\Widgets\Wpr_Posts_Timeline::$thumbnail_size is deprecated in /opt/lampp/htdocs/Astra1/wp-content/plugins/royal-elementor-addons/modules/posts-timeline/widgets/wpr-posts-timeline.php on line 5287
[21-Oct-2023 18:01:37 UTC] PHP Deprecated:  Creation of dynamic property WprAddons\Modules\PostsTimeline\Widgets\Wpr_Posts_Timeline::$thumbnail_custom_dimension is deprecated in /opt/lampp/htdocs/Astra1/wp-content/plugins/royal-elementor-addons/modules/posts-timeline/widgets/wpr-posts-timeline.php on line 5288
[21-Oct-2023 18:01:37 UTC] PHP Deprecated:  Creation of dynamic property WprAddons\Modules\PostsTimeline\Widgets\Wpr_Posts_Timeline::$show_year_label is deprecated in /opt/lampp/htdocs/Astra1/wp-content/plugins/royal-elementor-addons/modules/posts-timeline/widgets/wpr-posts-timeline.php on line 5290
[21-Oct-2023 18:01:37 UTC] PHP Deprecated:  Creation of dynamic property WprAddons\Modules\PostsTimeline\Widgets\Wpr_Posts_Timeline::$timeline_year is deprecated in /opt/lampp/htdocs/Astra1/wp-content/plugins/royal-elementor-addons/modules/posts-timeline/widgets/wpr-posts-timeline.php on line 5291
[21-Oct-2023 18:01:37 UTC] PHP Deprecated:  Creation of dynamic property WprAddons\Modules\PostsTimeline\Widgets\Wpr_Posts_Timeline::$image is deprecated in /opt/lampp/htdocs/Astra1/wp-content/plugins/royal-elementor-addons/modules/posts-timeline/widgets/wpr-posts-timeline.php on line 5189
[21-Oct-2023 18:01:38 UTC] PHP Deprecated:  Creation of dynamic property Elementor\Includes\Elements\Container::$logical_dimensions_inline_start is deprecated in /opt/lampp/htdocs/Astra1/wp-content/plugins/elementor/includes/elements/container.php on line 42
[21-Oct-2023 18:01:38 UTC] PHP Deprecated:  Creation of dynamic property Elementor\Includes\Elements\Container::$logical_dimensions_inline_end is deprecated in /opt/lampp/htdocs/Astra1/wp-content/plugins/elementor/includes/elements/container.php on line 43
[21-Oct-2023 18:01:38 UTC] PHP Deprecated:  Creation of dynamic property WprAddons\Modules\ContentTicker\Widgets\Wpr_Content_Ticker::$post_types is deprecated in /opt/lampp/htdocs/Astra1/wp-content/plugins/royal-elementor-addons/modules/content-ticker/widgets/wpr-content-ticker.php on line 139
[21-Oct-2023 18:03:36 UTC] PHP Deprecated:  Creation of dynamic property Elementor\Includes\Elements\Container::$logical_dimensions_inline_start is deprecated in /opt/lampp/htdocs/Astra1/wp-content/plugins/elementor/includes/elements/container.php on line 42
[21-Oct-2023 18:03:36 UTC] PHP Deprecated:  Creation of dynamic property Elementor\Includes\Elements\Container::$logical_dimensions_inline_end is deprecated in /opt/lampp/htdocs/Astra1/wp-content/plugins/elementor/includes/elements/container.php on line 43
[21-Oct-2023 18:03:36 UTC] PHP Deprecated:  Creation of dynamic property WprAddons\Modules\PostsTimeline\Widgets\Wpr_Posts_Timeline::$my_query is deprecated in /opt/lampp/htdocs/Astra1/wp-content/plugins/royal-elementor-addons/modules/posts-timeline/widgets/wpr-posts-timeline.php on line 5675
[21-Oct-2023 18:03:36 UTC] PHP Deprecated:  Creation of dynamic property WprAddons\Modules\PostsTimeline\Widgets\Wpr_Posts_Timeline::$animation is deprecated in /opt/lampp/htdocs/Astra1/wp-content/plugins/royal-elementor-addons/modules/posts-timeline/widgets/wpr-posts-timeline.php on line 5679
[21-Oct-2023 18:03:36 UTC] PHP Deprecated:  Creation of dynamic property WprAddons\Modules\PostsTimeline\Widgets\Wpr_Posts_Timeline::$animation_loadmore_left is deprecated in /opt/lampp/htdocs/Astra1/wp-content/plugins/royal-elementor-addons/modules/posts-timeline/widgets/wpr-posts-timeline.php on line 5680
[21-Oct-2023 18:03:36 UTC] PHP Deprecated:  Creation of dynamic property WprAddons\Modules\PostsTimeline\Widgets\Wpr_Posts_Timeline::$animation_loadmore_right is deprecated in /opt/lampp/htdocs/Astra1/wp-content/plugins/royal-elementor-addons/modules/posts-timeline/widgets/wpr-posts-timeline.php on line 5681
[21-Oct-2023 18:03:36 UTC] PHP Deprecated:  Creation of dynamic property WprAddons\Modules\PostsTimeline\Widgets\Wpr_Posts_Timeline::$timeline_fill is deprecated in /opt/lampp/htdocs/Astra1/wp-content/plugins/royal-elementor-addons/modules/posts-timeline/widgets/wpr-posts-timeline.php on line 5683
[21-Oct-2023 18:03:36 UTC] PHP Deprecated:  Creation of dynamic property WprAddons\Modules\PostsTimeline\Widgets\Wpr_Posts_Timeline::$show_readmore is deprecated in /opt/lampp/htdocs/Astra1/wp-content/plugins/royal-elementor-addons/modules/posts-timeline/widgets/wpr-posts-timeline.php on line 5684
[21-Oct-2023 18:03:36 UTC] PHP Deprecated:  Creation of dynamic property WprAddons\Modules\PostsTimeline\Widgets\Wpr_Posts_Timeline::$pagination_type is deprecated in /opt/lampp/htdocs/Astra1/wp-content/plugins/royal-elementor-addons/modules/posts-timeline/widgets/wpr-posts-timeline.php on line 5697
[21-Oct-2023 18:03:36 UTC] PHP Deprecated:  Creation of dynamic property WprAddons\Modules\PostsTimeline\Widgets\Wpr_Posts_Timeline::$pagination_max_pages is deprecated in /opt/lampp/htdocs/Astra1/wp-content/plugins/royal-elementor-addons/modules/posts-timeline/widgets/wpr-posts-timeline.php on line 5698
[21-Oct-2023 18:03:36 UTC] PHP Deprecated:  Creation of dynamic property WprAddons\Modules\PostsTimeline\Widgets\Wpr_Posts_Timeline::$animation_class is deprecated in /opt/lampp/htdocs/Astra1/wp-content/plugins/royal-elementor-addons/modules/posts-timeline/widgets/wpr-posts-timeline.php on line 5708
[21-Oct-2023 18:03:36 UTC] PHP Deprecated:  Creation of dynamic property WprAddons\Modules\PostsTimeline\Widgets\Wpr_Posts_Timeline::$timeline_layout is deprecated in /opt/lampp/htdocs/Astra1/wp-content/plugins/royal-elementor-addons/modules/posts-timeline/widgets/wpr-posts-timeline.php on line 5720
[21-Oct-2023 18:03:36 UTC] PHP Deprecated:  Creation of dynamic property WprAddons\Modules\PostsTimeline\Widgets\Wpr_Posts_Timeline::$timeline_layout_wrapper is deprecated in /opt/lampp/htdocs/Astra1/wp-content/plugins/royal-elementor-addons/modules/posts-timeline/widgets/wpr-posts-timeline.php on line 5721
[21-Oct-2023 18:03:36 UTC] PHP Deprecated:  Creation of dynamic property WprAddons\Modules\PostsTimeline\Widgets\Wpr_Posts_Timeline::$item_url_count is deprecated in /opt/lampp/htdocs/Astra1/wp-content/plugins/royal-elementor-addons/modules/posts-timeline/widgets/wpr-posts-timeline.php on line 5731
[21-Oct-2023 18:03:36 UTC] PHP Deprecated:  Creation of dynamic property WprAddons\Modules\PostsTimeline\Widgets\Wpr_Posts_Timeline::$thumbnail_size is deprecated in /opt/lampp/htdocs/Astra1/wp-content/plugins/royal-elementor-addons/modules/posts-timeline/widgets/wpr-posts-timeline.php on line 5287
[21-Oct-2023 18:03:36 UTC] PHP Deprecated:  Creation of dynamic property WprAddons\Modules\PostsTimeline\Widgets\Wpr_Posts_Timeline::$thumbnail_custom_dimension is deprecated in /opt/lampp/htdocs/Astra1/wp-content/plugins/royal-elementor-addons/modules/posts-timeline/widgets/wpr-posts-timeline.php on line 5288
[21-Oct-2023 18:03:36 UTC] PHP Deprecated:  Creation of dynamic property WprAddons\Modules\PostsTimeline\Widgets\Wpr_Posts_Timeline::$show_year_label is deprecated in /opt/lampp/htdocs/Astra1/wp-content/plugins/royal-elementor-addons/modules/posts-timeline/widgets/wpr-posts-timeline.php on line 5290
[21-Oct-2023 18:03:36 UTC] PHP Deprecated:  Creation of dynamic property WprAddons\Modules\PostsTimeline\Widgets\Wpr_Posts_Timeline::$timeline_year is deprecated in /opt/lampp/htdocs/Astra1/wp-content/plugins/royal-elementor-addons/modules/posts-timeline/widgets/wpr-posts-timeline.php on line 5291
[21-Oct-2023 18:03:36 UTC] PHP Deprecated:  Creation of dynamic property WprAddons\Modules\PostsTimeline\Widgets\Wpr_Posts_Timeline::$image is deprecated in /opt/lampp/htdocs/Astra1/wp-content/plugins/royal-elementor-addons/modules/posts-timeline/widgets/wpr-posts-timeline.php on line 5189
[21-Oct-2023 18:04:02 UTC] PHP Deprecated:  Creation of dynamic property Elementor\Includes\Elements\Container::$logical_dimensions_inline_start is deprecated in /opt/lampp/htdocs/Astra1/wp-content/plugins/elementor/includes/elements/container.php on line 42
[21-Oct-2023 18:04:02 UTC] PHP Deprecated:  Creation of dynamic property Elementor\Includes\Elements\Container::$logical_dimensions_inline_end is deprecated in /opt/lampp/htdocs/Astra1/wp-content/plugins/elementor/includes/elements/container.php on line 43
[21-Oct-2023 18:04:02 UTC] PHP Deprecated:  Creation of dynamic property WprAddons\Modules\PostsTimeline\Widgets\Wpr_Posts_Timeline::$my_query is deprecated in /opt/lampp/htdocs/Astra1/wp-content/plugins/royal-elementor-addons/modules/posts-timeline/widgets/wpr-posts-timeline.php on line 5675
[21-Oct-2023 18:04:02 UTC] PHP Deprecated:  Creation of dynamic property WprAddons\Modules\PostsTimeline\Widgets\Wpr_Posts_Timeline::$animation is deprecated in /opt/lampp/htdocs/Astra1/wp-content/plugins/royal-elementor-addons/modules/posts-timeline/widgets/wpr-posts-timeline.php on line 5679
[21-Oct-2023 18:04:02 UTC] PHP Deprecated:  Creation of dynamic property WprAddons\Modules\PostsTimeline\Widgets\Wpr_Posts_Timeline::$animation_loadmore_left is deprecated in /opt/lampp/htdocs/Astra1/wp-content/plugins/royal-elementor-addons/modules/posts-timeline/widgets/wpr-posts-timeline.php on line 5680
[21-Oct-2023 18:04:02 UTC] PHP Deprecated:  Creation of dynamic property WprAddons\Modules\PostsTimeline\Widgets\Wpr_Posts_Timeline::$animation_loadmore_right is deprecated in /opt/lampp/htdocs/Astra1/wp-content/plugins/royal-elementor-addons/modules/posts-timeline/widgets/wpr-posts-timeline.php on line 5681
[21-Oct-2023 18:04:02 UTC] PHP Deprecated:  Creation of dynamic property WprAddons\Modules\PostsTimeline\Widgets\Wpr_Posts_Timeline::$timeline_fill is deprecated in /opt/lampp/htdocs/Astra1/wp-content/plugins/royal-elementor-addons/modules/posts-timeline/widgets/wpr-posts-timeline.php on line 5683
[21-Oct-2023 18:04:02 UTC] PHP Deprecated:  Creation of dynamic property WprAddons\Modules\PostsTimeline\Widgets\Wpr_Posts_Timeline::$show_readmore is deprecated in /opt/lampp/htdocs/Astra1/wp-content/plugins/royal-elementor-addons/modules/posts-timeline/widgets/wpr-posts-timeline.php on line 5684
[21-Oct-2023 18:04:02 UTC] PHP Deprecated:  Creation of dynamic property WprAddons\Modules\PostsTimeline\Widgets\Wpr_Posts_Timeline::$pagination_type is deprecated in /opt/lampp/htdocs/Astra1/wp-content/plugins/royal-elementor-addons/modules/posts-timeline/widgets/wpr-posts-timeline.php on line 5697
[21-Oct-2023 18:04:02 UTC] PHP Deprecated:  Creation of dynamic property WprAddons\Modules\PostsTimeline\Widgets\Wpr_Posts_Timeline::$pagination_max_pages is deprecated in /opt/lampp/htdocs/Astra1/wp-content/plugins/royal-elementor-addons/modules/posts-timeline/widgets/wpr-posts-timeline.php on line 5698
[21-Oct-2023 18:04:02 UTC] PHP Deprecated:  Creation of dynamic property WprAddons\Modules\PostsTimeline\Widgets\Wpr_Posts_Timeline::$animation_class is deprecated in /opt/lampp/htdocs/Astra1/wp-content/plugins/royal-elementor-addons/modules/posts-timeline/widgets/wpr-posts-timeline.php on line 5708
[21-Oct-2023 18:04:02 UTC] PHP Deprecated:  Creation of dynamic property WprAddons\Modules\PostsTimeline\Widgets\Wpr_Posts_Timeline::$timeline_layout is deprecated in /opt/lampp/htdocs/Astra1/wp-content/plugins/royal-elementor-addons/modules/posts-timeline/widgets/wpr-posts-timeline.php on line 5720
[21-Oct-2023 18:04:02 UTC] PHP Deprecated:  Creation of dynamic property WprAddons\Modules\PostsTimeline\Widgets\Wpr_Posts_Timeline::$timeline_layout_wrapper is deprecated in /opt/lampp/htdocs/Astra1/wp-content/plugins/royal-elementor-addons/modules/posts-timeline/widgets/wpr-posts-timeline.php on line 5721
[21-Oct-2023 18:04:02 UTC] PHP Deprecated:  Creation of dynamic property WprAddons\Modules\PostsTimeline\Widgets\Wpr_Posts_Timeline::$item_url_count is deprecated in /opt/lampp/htdocs/Astra1/wp-content/plugins/royal-elementor-addons/modules/posts-timeline/widgets/wpr-posts-timeline.php on line 5731
[21-Oct-2023 18:04:02 UTC] PHP Deprecated:  Creation of dynamic property WprAddons\Modules\PostsTimeline\Widgets\Wpr_Posts_Timeline::$thumbnail_size is deprecated in /opt/lampp/htdocs/Astra1/wp-content/plugins/royal-elementor-addons/modules/posts-timeline/widgets/wpr-posts-timeline.php on line 5287
[21-Oct-2023 18:04:02 UTC] PHP Deprecated:  Creation of dynamic property WprAddons\Modules\PostsTimeline\Widgets\Wpr_Posts_Timeline::$thumbnail_custom_dimension is deprecated in /opt/lampp/htdocs/Astra1/wp-content/plugins/royal-elementor-addons/modules/posts-timeline/widgets/wpr-posts-timeline.php on line 5288
[21-Oct-2023 18:04:02 UTC] PHP Deprecated:  Creation of dynamic property WprAddons\Modules\PostsTimeline\Widgets\Wpr_Posts_Timeline::$show_year_label is deprecated in /opt/lampp/htdocs/Astra1/wp-content/plugins/royal-elementor-addons/modules/posts-timeline/widgets/wpr-posts-timeline.php on line 5290
[21-Oct-2023 18:04:02 UTC] PHP Deprecated:  Creation of dynamic property WprAddons\Modules\PostsTimeline\Widgets\Wpr_Posts_Timeline::$timeline_year is deprecated in /opt/lampp/htdocs/Astra1/wp-content/plugins/royal-elementor-addons/modules/posts-timeline/widgets/wpr-posts-timeline.php on line 5291
[21-Oct-2023 18:04:02 UTC] PHP Deprecated:  Creation of dynamic property WprAddons\Modules\PostsTimeline\Widgets\Wpr_Posts_Timeline::$image is deprecated in /opt/lampp/htdocs/Astra1/wp-content/plugins/royal-elementor-addons/modules/posts-timeline/widgets/wpr-posts-timeline.php on line 5189
[21-Oct-2023 18:48:56 UTC] PHP Deprecated:  Creation of dynamic property Elementor\Includes\Elements\Container::$logical_dimensions_inline_start is deprecated in /opt/lampp/htdocs/Astra1/wp-content/plugins/elementor/includes/elements/container.php on line 42
[21-Oct-2023 18:48:56 UTC] PHP Deprecated:  Creation of dynamic property Elementor\Includes\Elements\Container::$logical_dimensions_inline_end is deprecated in /opt/lampp/htdocs/Astra1/wp-content/plugins/elementor/includes/elements/container.php on line 43
[21-Oct-2023 18:48:56 UTC] PHP Deprecated:  Creation of dynamic property WprAddons\Modules\PostsTimeline\Widgets\Wpr_Posts_Timeline::$my_query is deprecated in /opt/lampp/htdocs/Astra1/wp-content/plugins/royal-elementor-addons/modules/posts-timeline/widgets/wpr-posts-timeline.php on line 5675
[21-Oct-2023 18:48:56 UTC] PHP Deprecated:  Creation of dynamic property WprAddons\Modules\PostsTimeline\Widgets\Wpr_Posts_Timeline::$animation is deprecated in /opt/lampp/htdocs/Astra1/wp-content/plugins/royal-elementor-addons/modules/posts-timeline/widgets/wpr-posts-timeline.php on line 5679
[21-Oct-2023 18:48:56 UTC] PHP Deprecated:  Creation of dynamic property WprAddons\Modules\PostsTimeline\Widgets\Wpr_Posts_Timeline::$animation_loadmore_left is deprecated in /opt/lampp/htdocs/Astra1/wp-content/plugins/royal-elementor-addons/modules/posts-timeline/widgets/wpr-posts-timeline.php on line 5680
[21-Oct-2023 18:48:56 UTC] PHP Deprecated:  Creation of dynamic property WprAddons\Modules\PostsTimeline\Widgets\Wpr_Posts_Timeline::$animation_loadmore_right is deprecated in /opt/lampp/htdocs/Astra1/wp-content/plugins/royal-elementor-addons/modules/posts-timeline/widgets/wpr-posts-timeline.php on line 5681
[21-Oct-2023 18:48:56 UTC] PHP Deprecated:  Creation of dynamic property WprAddons\Modules\PostsTimeline\Widgets\Wpr_Posts_Timeline::$timeline_fill is deprecated in /opt/lampp/htdocs/Astra1/wp-content/plugins/royal-elementor-addons/modules/posts-timeline/widgets/wpr-posts-timeline.php on line 5683
[21-Oct-2023 18:48:56 UTC] PHP Deprecated:  Creation of dynamic property WprAddons\Modules\PostsTimeline\Widgets\Wpr_Posts_Timeline::$show_readmore is deprecated in /opt/lampp/htdocs/Astra1/wp-content/plugins/royal-elementor-addons/modules/posts-timeline/widgets/wpr-posts-timeline.php on line 5684
[21-Oct-2023 18:48:56 UTC] PHP Deprecated:  Creation of dynamic property WprAddons\Modules\PostsTimeline\Widgets\Wpr_Posts_Timeline::$pagination_type is deprecated in /opt/lampp/htdocs/Astra1/wp-content/plugins/royal-elementor-addons/modules/posts-timeline/widgets/wpr-posts-timeline.php on line 5697
[21-Oct-2023 18:48:56 UTC] PHP Deprecated:  Creation of dynamic property WprAddons\Modules\PostsTimeline\Widgets\Wpr_Posts_Timeline::$pagination_max_pages is deprecated in /opt/lampp/htdocs/Astra1/wp-content/plugins/royal-elementor-addons/modules/posts-timeline/widgets/wpr-posts-timeline.php on line 5698
[21-Oct-2023 18:48:56 UTC] PHP Deprecated:  Creation of dynamic property WprAddons\Modules\PostsTimeline\Widgets\Wpr_Posts_Timeline::$animation_class is deprecated in /opt/lampp/htdocs/Astra1/wp-content/plugins/royal-elementor-addons/modules/posts-timeline/widgets/wpr-posts-timeline.php on line 5708
[21-Oct-2023 18:48:56 UTC] PHP Deprecated:  Creation of dynamic property WprAddons\Modules\PostsTimeline\Widgets\Wpr_Posts_Timeline::$timeline_layout is deprecated in /opt/lampp/htdocs/Astra1/wp-content/plugins/royal-elementor-addons/modules/posts-timeline/widgets/wpr-posts-timeline.php on line 5720
[21-Oct-2023 18:48:56 UTC] PHP Deprecated:  Creation of dynamic property WprAddons\Modules\PostsTimeline\Widgets\Wpr_Posts_Timeline::$timeline_layout_wrapper is deprecated in /opt/lampp/htdocs/Astra1/wp-content/plugins/royal-elementor-addons/modules/posts-timeline/widgets/wpr-posts-timeline.php on line 5721
[21-Oct-2023 18:48:56 UTC] PHP Deprecated:  Creation of dynamic property WprAddons\Modules\PostsTimeline\Widgets\Wpr_Posts_Timeline::$item_url_count is deprecated in /opt/lampp/htdocs/Astra1/wp-content/plugins/royal-elementor-addons/modules/posts-timeline/widgets/wpr-posts-timeline.php on line 5731
[21-Oct-2023 18:48:56 UTC] PHP Deprecated:  Creation of dynamic property WprAddons\Modules\PostsTimeline\Widgets\Wpr_Posts_Timeline::$thumbnail_size is deprecated in /opt/lampp/htdocs/Astra1/wp-content/plugins/royal-elementor-addons/modules/posts-timeline/widgets/wpr-posts-timeline.php on line 5287
[21-Oct-2023 18:48:56 UTC] PHP Deprecated:  Creation of dynamic property WprAddons\Modules\PostsTimeline\Widgets\Wpr_Posts_Timeline::$thumbnail_custom_dimension is deprecated in /opt/lampp/htdocs/Astra1/wp-content/plugins/royal-elementor-addons/modules/posts-timeline/widgets/wpr-posts-timeline.php on line 5288
[21-Oct-2023 18:48:56 UTC] PHP Deprecated:  Creation of dynamic property WprAddons\Modules\PostsTimeline\Widgets\Wpr_Posts_Timeline::$show_year_label is deprecated in /opt/lampp/htdocs/Astra1/wp-content/plugins/royal-elementor-addons/modules/posts-timeline/widgets/wpr-posts-timeline.php on line 5290
[21-Oct-2023 18:48:56 UTC] PHP Deprecated:  Creation of dynamic property WprAddons\Modules\PostsTimeline\Widgets\Wpr_Posts_Timeline::$timeline_year is deprecated in /opt/lampp/htdocs/Astra1/wp-content/plugins/royal-elementor-addons/modules/posts-timeline/widgets/wpr-posts-timeline.php on line 5291
[21-Oct-2023 18:48:56 UTC] PHP Deprecated:  Creation of dynamic property WprAddons\Modules\PostsTimeline\Widgets\Wpr_Posts_Timeline::$image is deprecated in /opt/lampp/htdocs/Astra1/wp-content/plugins/royal-elementor-addons/modules/posts-timeline/widgets/wpr-posts-timeline.php on line 5189
[21-Oct-2023 18:49:06 UTC] PHP Deprecated:  Creation of dynamic property Elementor\Includes\Elements\Container::$logical_dimensions_inline_start is deprecated in /opt/lampp/htdocs/Astra1/wp-content/plugins/elementor/includes/elements/container.php on line 42
[21-Oct-2023 18:49:06 UTC] PHP Deprecated:  Creation of dynamic property Elementor\Includes\Elements\Container::$logical_dimensions_inline_end is deprecated in /opt/lampp/htdocs/Astra1/wp-content/plugins/elementor/includes/elements/container.php on line 43
[21-Oct-2023 18:49:06 UTC] PHP Deprecated:  Creation of dynamic property WprAddons\Modules\PostsTimeline\Widgets\Wpr_Posts_Timeline::$my_query is deprecated in /opt/lampp/htdocs/Astra1/wp-content/plugins/royal-elementor-addons/modules/posts-timeline/widgets/wpr-posts-timeline.php on line 5675
[21-Oct-2023 18:49:06 UTC] PHP Deprecated:  Creation of dynamic property WprAddons\Modules\PostsTimeline\Widgets\Wpr_Posts_Timeline::$animation is deprecated in /opt/lampp/htdocs/Astra1/wp-content/plugins/royal-elementor-addons/modules/posts-timeline/widgets/wpr-posts-timeline.php on line 5679
[21-Oct-2023 18:49:06 UTC] PHP Deprecated:  Creation of dynamic property WprAddons\Modules\PostsTimeline\Widgets\Wpr_Posts_Timeline::$animation_loadmore_left is deprecated in /opt/lampp/htdocs/Astra1/wp-content/plugins/royal-elementor-addons/modules/posts-timeline/widgets/wpr-posts-timeline.php on line 5680
[21-Oct-2023 18:49:06 UTC] PHP Deprecated:  Creation of dynamic property WprAddons\Modules\PostsTimeline\Widgets\Wpr_Posts_Timeline::$animation_loadmore_right is deprecated in /opt/lampp/htdocs/Astra1/wp-content/plugins/royal-elementor-addons/modules/posts-timeline/widgets/wpr-posts-timeline.php on line 5681
[21-Oct-2023 18:49:06 UTC] PHP Deprecated:  Creation of dynamic property WprAddons\Modules\PostsTimeline\Widgets\Wpr_Posts_Timeline::$timeline_fill is deprecated in /opt/lampp/htdocs/Astra1/wp-content/plugins/royal-elementor-addons/modules/posts-timeline/widgets/wpr-posts-timeline.php on line 5683
[21-Oct-2023 18:49:06 UTC] PHP Deprecated:  Creation of dynamic property WprAddons\Modules\PostsTimeline\Widgets\Wpr_Posts_Timeline::$show_readmore is deprecated in /opt/lampp/htdocs/Astra1/wp-content/plugins/royal-elementor-addons/modules/posts-timeline/widgets/wpr-posts-timeline.php on line 5684
[21-Oct-2023 18:49:06 UTC] PHP Deprecated:  Creation of dynamic property WprAddons\Modules\PostsTimeline\Widgets\Wpr_Posts_Timeline::$pagination_type is deprecated in /opt/lampp/htdocs/Astra1/wp-content/plugins/royal-elementor-addons/modules/posts-timeline/widgets/wpr-posts-timeline.php on line 5697
[21-Oct-2023 18:49:06 UTC] PHP Deprecated:  Creation of dynamic property WprAddons\Modules\PostsTimeline\Widgets\Wpr_Posts_Timeline::$pagination_max_pages is deprecated in /opt/lampp/htdocs/Astra1/wp-content/plugins/royal-elementor-addons/modules/posts-timeline/widgets/wpr-posts-timeline.php on line 5698
[21-Oct-2023 18:49:06 UTC] PHP Deprecated:  Creation of dynamic property WprAddons\Modules\PostsTimeline\Widgets\Wpr_Posts_Timeline::$animation_class is deprecated in /opt/lampp/htdocs/Astra1/wp-content/plugins/royal-elementor-addons/modules/posts-timeline/widgets/wpr-posts-timeline.php on line 5708
[21-Oct-2023 18:49:06 UTC] PHP Deprecated:  Creation of dynamic property WprAddons\Modules\PostsTimeline\Widgets\Wpr_Posts_Timeline::$timeline_layout is deprecated in /opt/lampp/htdocs/Astra1/wp-content/plugins/royal-elementor-addons/modules/posts-timeline/widgets/wpr-posts-timeline.php on line 5720
[21-Oct-2023 18:49:06 UTC] PHP Deprecated:  Creation of dynamic property WprAddons\Modules\PostsTimeline\Widgets\Wpr_Posts_Timeline::$timeline_layout_wrapper is deprecated in /opt/lampp/htdocs/Astra1/wp-content/plugins/royal-elementor-addons/modules/posts-timeline/widgets/wpr-posts-timeline.php on line 5721
[21-Oct-2023 18:49:06 UTC] PHP Deprecated:  Creation of dynamic property WprAddons\Modules\PostsTimeline\Widgets\Wpr_Posts_Timeline::$item_url_count is deprecated in /opt/lampp/htdocs/Astra1/wp-content/plugins/royal-elementor-addons/modules/posts-timeline/widgets/wpr-posts-timeline.php on line 5731
[21-Oct-2023 18:49:06 UTC] PHP Deprecated:  Creation of dynamic property WprAddons\Modules\PostsTimeline\Widgets\Wpr_Posts_Timeline::$thumbnail_size is deprecated in /opt/lampp/htdocs/Astra1/wp-content/plugins/royal-elementor-addons/modules/posts-timeline/widgets/wpr-posts-timeline.php on line 5287
[21-Oct-2023 18:49:06 UTC] PHP Deprecated:  Creation of dynamic property WprAddons\Modules\PostsTimeline\Widgets\Wpr_Posts_Timeline::$thumbnail_custom_dimension is deprecated in /opt/lampp/htdocs/Astra1/wp-content/plugins/royal-elementor-addons/modules/posts-timeline/widgets/wpr-posts-timeline.php on line 5288
[21-Oct-2023 18:49:06 UTC] PHP Deprecated:  Creation of dynamic property WprAddons\Modules\PostsTimeline\Widgets\Wpr_Posts_Timeline::$show_year_label is deprecated in /opt/lampp/htdocs/Astra1/wp-content/plugins/royal-elementor-addons/modules/posts-timeline/widgets/wpr-posts-timeline.php on line 5290
[21-Oct-2023 18:49:06 UTC] PHP Deprecated:  Creation of dynamic property WprAddons\Modules\PostsTimeline\Widgets\Wpr_Posts_Timeline::$timeline_year is deprecated in /opt/lampp/htdocs/Astra1/wp-content/plugins/royal-elementor-addons/modules/posts-timeline/widgets/wpr-posts-timeline.php on line 5291
[21-Oct-2023 18:49:06 UTC] PHP Deprecated:  Creation of dynamic property WprAddons\Modules\PostsTimeline\Widgets\Wpr_Posts_Timeline::$image is deprecated in /opt/lampp/htdocs/Astra1/wp-content/plugins/royal-elementor-addons/modules/posts-timeline/widgets/wpr-posts-timeline.php on line 5189
[21-Oct-2023 18:49:07 UTC] PHP Deprecated:  Creation of dynamic property Elementor\Includes\Elements\Container::$logical_dimensions_inline_start is deprecated in /opt/lampp/htdocs/Astra1/wp-content/plugins/elementor/includes/elements/container.php on line 42
[21-Oct-2023 18:49:07 UTC] PHP Deprecated:  Creation of dynamic property Elementor\Includes\Elements\Container::$logical_dimensions_inline_end is deprecated in /opt/lampp/htdocs/Astra1/wp-content/plugins/elementor/includes/elements/container.php on line 43
[21-Oct-2023 18:49:08 UTC] PHP Deprecated:  Creation of dynamic property WprAddons\Modules\ContentTicker\Widgets\Wpr_Content_Ticker::$post_types is deprecated in /opt/lampp/htdocs/Astra1/wp-content/plugins/royal-elementor-addons/modules/content-ticker/widgets/wpr-content-ticker.php on line 139
[21-Oct-2023 18:50:40 UTC] PHP Deprecated:  Creation of dynamic property Elementor\Includes\Elements\Container::$logical_dimensions_inline_start is deprecated in /opt/lampp/htdocs/Astra1/wp-content/plugins/elementor/includes/elements/container.php on line 42
[21-Oct-2023 18:50:40 UTC] PHP Deprecated:  Creation of dynamic property Elementor\Includes\Elements\Container::$logical_dimensions_inline_end is deprecated in /opt/lampp/htdocs/Astra1/wp-content/plugins/elementor/includes/elements/container.php on line 43
[21-Oct-2023 18:50:40 UTC] PHP Deprecated:  Creation of dynamic property WprAddons\Modules\PostsTimeline\Widgets\Wpr_Posts_Timeline::$my_query is deprecated in /opt/lampp/htdocs/Astra1/wp-content/plugins/royal-elementor-addons/modules/posts-timeline/widgets/wpr-posts-timeline.php on line 5675
[21-Oct-2023 18:50:40 UTC] PHP Deprecated:  Creation of dynamic property WprAddons\Modules\PostsTimeline\Widgets\Wpr_Posts_Timeline::$animation is deprecated in /opt/lampp/htdocs/Astra1/wp-content/plugins/royal-elementor-addons/modules/posts-timeline/widgets/wpr-posts-timeline.php on line 5679
[21-Oct-2023 18:50:40 UTC] PHP Deprecated:  Creation of dynamic property WprAddons\Modules\PostsTimeline\Widgets\Wpr_Posts_Timeline::$animation_loadmore_left is deprecated in /opt/lampp/htdocs/Astra1/wp-content/plugins/royal-elementor-addons/modules/posts-timeline/widgets/wpr-posts-timeline.php on line 5680
[21-Oct-2023 18:50:40 UTC] PHP Deprecated:  Creation of dynamic property WprAddons\Modules\PostsTimeline\Widgets\Wpr_Posts_Timeline::$animation_loadmore_right is deprecated in /opt/lampp/htdocs/Astra1/wp-content/plugins/royal-elementor-addons/modules/posts-timeline/widgets/wpr-posts-timeline.php on line 5681
[21-Oct-2023 18:50:40 UTC] PHP Deprecated:  Creation of dynamic property WprAddons\Modules\PostsTimeline\Widgets\Wpr_Posts_Timeline::$timeline_fill is deprecated in /opt/lampp/htdocs/Astra1/wp-content/plugins/royal-elementor-addons/modules/posts-timeline/widgets/wpr-posts-timeline.php on line 5683
[21-Oct-2023 18:50:40 UTC] PHP Deprecated:  Creation of dynamic property WprAddons\Modules\PostsTimeline\Widgets\Wpr_Posts_Timeline::$show_readmore is deprecated in /opt/lampp/htdocs/Astra1/wp-content/plugins/royal-elementor-addons/modules/posts-timeline/widgets/wpr-posts-timeline.php on line 5684
[21-Oct-2023 18:50:40 UTC] PHP Deprecated:  Creation of dynamic property WprAddons\Modules\PostsTimeline\Widgets\Wpr_Posts_Timeline::$pagination_type is deprecated in /opt/lampp/htdocs/Astra1/wp-content/plugins/royal-elementor-addons/modules/posts-timeline/widgets/wpr-posts-timeline.php on line 5697
[21-Oct-2023 18:50:40 UTC] PHP Deprecated:  Creation of dynamic property WprAddons\Modules\PostsTimeline\Widgets\Wpr_Posts_Timeline::$pagination_max_pages is deprecated in /opt/lampp/htdocs/Astra1/wp-content/plugins/royal-elementor-addons/modules/posts-timeline/widgets/wpr-posts-timeline.php on line 5698
[21-Oct-2023 18:50:40 UTC] PHP Deprecated:  Creation of dynamic property WprAddons\Modules\PostsTimeline\Widgets\Wpr_Posts_Timeline::$animation_class is deprecated in /opt/lampp/htdocs/Astra1/wp-content/plugins/royal-elementor-addons/modules/posts-timeline/widgets/wpr-posts-timeline.php on line 5708
[21-Oct-2023 18:50:40 UTC] PHP Deprecated:  Creation of dynamic property WprAddons\Modules\PostsTimeline\Widgets\Wpr_Posts_Timeline::$timeline_layout is deprecated in /opt/lampp/htdocs/Astra1/wp-content/plugins/royal-elementor-addons/modules/posts-timeline/widgets/wpr-posts-timeline.php on line 5720
[21-Oct-2023 18:50:40 UTC] PHP Deprecated:  Creation of dynamic property WprAddons\Modules\PostsTimeline\Widgets\Wpr_Posts_Timeline::$timeline_layout_wrapper is deprecated in /opt/lampp/htdocs/Astra1/wp-content/plugins/royal-elementor-addons/modules/posts-timeline/widgets/wpr-posts-timeline.php on line 5721
[21-Oct-2023 18:50:40 UTC] PHP Deprecated:  Creation of dynamic property WprAddons\Modules\PostsTimeline\Widgets\Wpr_Posts_Timeline::$item_url_count is deprecated in /opt/lampp/htdocs/Astra1/wp-content/plugins/royal-elementor-addons/modules/posts-timeline/widgets/wpr-posts-timeline.php on line 5731
[21-Oct-2023 18:50:40 UTC] PHP Deprecated:  Creation of dynamic property WprAddons\Modules\PostsTimeline\Widgets\Wpr_Posts_Timeline::$thumbnail_size is deprecated in /opt/lampp/htdocs/Astra1/wp-content/plugins/royal-elementor-addons/modules/posts-timeline/widgets/wpr-posts-timeline.php on line 5287
[21-Oct-2023 18:50:40 UTC] PHP Deprecated:  Creation of dynamic property WprAddons\Modules\PostsTimeline\Widgets\Wpr_Posts_Timeline::$thumbnail_custom_dimension is deprecated in /opt/lampp/htdocs/Astra1/wp-content/plugins/royal-elementor-addons/modules/posts-timeline/widgets/wpr-posts-timeline.php on line 5288
[21-Oct-2023 18:50:40 UTC] PHP Deprecated:  Creation of dynamic property WprAddons\Modules\PostsTimeline\Widgets\Wpr_Posts_Timeline::$show_year_label is deprecated in /opt/lampp/htdocs/Astra1/wp-content/plugins/royal-elementor-addons/modules/posts-timeline/widgets/wpr-posts-timeline.php on line 5290
[21-Oct-2023 18:50:40 UTC] PHP Deprecated:  Creation of dynamic property WprAddons\Modules\PostsTimeline\Widgets\Wpr_Posts_Timeline::$timeline_year is deprecated in /opt/lampp/htdocs/Astra1/wp-content/plugins/royal-elementor-addons/modules/posts-timeline/widgets/wpr-posts-timeline.php on line 5291
[21-Oct-2023 18:50:40 UTC] PHP Deprecated:  Creation of dynamic property WprAddons\Modules\PostsTimeline\Widgets\Wpr_Posts_Timeline::$image is deprecated in /opt/lampp/htdocs/Astra1/wp-content/plugins/royal-elementor-addons/modules/posts-timeline/widgets/wpr-posts-timeline.php on line 5189
[21-Oct-2023 18:50:41 UTC] PHP Deprecated:  Creation of dynamic property Elementor\Includes\Elements\Container::$logical_dimensions_inline_start is deprecated in /opt/lampp/htdocs/Astra1/wp-content/plugins/elementor/includes/elements/container.php on line 42
[21-Oct-2023 18:50:41 UTC] PHP Deprecated:  Creation of dynamic property Elementor\Includes\Elements\Container::$logical_dimensions_inline_end is deprecated in /opt/lampp/htdocs/Astra1/wp-content/plugins/elementor/includes/elements/container.php on line 43
[21-Oct-2023 18:50:42 UTC] PHP Deprecated:  Creation of dynamic property WprAddons\Modules\ContentTicker\Widgets\Wpr_Content_Ticker::$post_types is deprecated in /opt/lampp/htdocs/Astra1/wp-content/plugins/royal-elementor-addons/modules/content-ticker/widgets/wpr-content-ticker.php on line 139
[21-Oct-2023 18:57:35 UTC] PHP Deprecated:  Creation of dynamic property Elementor\Includes\Elements\Container::$logical_dimensions_inline_start is deprecated in /opt/lampp/htdocs/Astra1/wp-content/plugins/elementor/includes/elements/container.php on line 42
[21-Oct-2023 18:57:35 UTC] PHP Deprecated:  Creation of dynamic property Elementor\Includes\Elements\Container::$logical_dimensions_inline_end is deprecated in /opt/lampp/htdocs/Astra1/wp-content/plugins/elementor/includes/elements/container.php on line 43
[21-Oct-2023 18:57:35 UTC] PHP Deprecated:  Creation of dynamic property WprAddons\Modules\PostsTimeline\Widgets\Wpr_Posts_Timeline::$my_query is deprecated in /opt/lampp/htdocs/Astra1/wp-content/plugins/royal-elementor-addons/modules/posts-timeline/widgets/wpr-posts-timeline.php on line 5675
[21-Oct-2023 18:57:35 UTC] PHP Deprecated:  Creation of dynamic property WprAddons\Modules\PostsTimeline\Widgets\Wpr_Posts_Timeline::$animation is deprecated in /opt/lampp/htdocs/Astra1/wp-content/plugins/royal-elementor-addons/modules/posts-timeline/widgets/wpr-posts-timeline.php on line 5679
[21-Oct-2023 18:57:35 UTC] PHP Deprecated:  Creation of dynamic property WprAddons\Modules\PostsTimeline\Widgets\Wpr_Posts_Timeline::$animation_loadmore_left is deprecated in /opt/lampp/htdocs/Astra1/wp-content/plugins/royal-elementor-addons/modules/posts-timeline/widgets/wpr-posts-timeline.php on line 5680
[21-Oct-2023 18:57:35 UTC] PHP Deprecated:  Creation of dynamic property WprAddons\Modules\PostsTimeline\Widgets\Wpr_Posts_Timeline::$animation_loadmore_right is deprecated in /opt/lampp/htdocs/Astra1/wp-content/plugins/royal-elementor-addons/modules/posts-timeline/widgets/wpr-posts-timeline.php on line 5681
[21-Oct-2023 18:57:35 UTC] PHP Deprecated:  Creation of dynamic property WprAddons\Modules\PostsTimeline\Widgets\Wpr_Posts_Timeline::$timeline_fill is deprecated in /opt/lampp/htdocs/Astra1/wp-content/plugins/royal-elementor-addons/modules/posts-timeline/widgets/wpr-posts-timeline.php on line 5683
[21-Oct-2023 18:57:35 UTC] PHP Deprecated:  Creation of dynamic property WprAddons\Modules\PostsTimeline\Widgets\Wpr_Posts_Timeline::$show_readmore is deprecated in /opt/lampp/htdocs/Astra1/wp-content/plugins/royal-elementor-addons/modules/posts-timeline/widgets/wpr-posts-timeline.php on line 5684
[21-Oct-2023 18:57:35 UTC] PHP Deprecated:  Creation of dynamic property WprAddons\Modules\PostsTimeline\Widgets\Wpr_Posts_Timeline::$pagination_type is deprecated in /opt/lampp/htdocs/Astra1/wp-content/plugins/royal-elementor-addons/modules/posts-timeline/widgets/wpr-posts-timeline.php on line 5697
[21-Oct-2023 18:57:35 UTC] PHP Deprecated:  Creation of dynamic property WprAddons\Modules\PostsTimeline\Widgets\Wpr_Posts_Timeline::$pagination_max_pages is deprecated in /opt/lampp/htdocs/Astra1/wp-content/plugins/royal-elementor-addons/modules/posts-timeline/widgets/wpr-posts-timeline.php on line 5698
[21-Oct-2023 18:57:35 UTC] PHP Deprecated:  Creation of dynamic property WprAddons\Modules\PostsTimeline\Widgets\Wpr_Posts_Timeline::$animation_class is deprecated in /opt/lampp/htdocs/Astra1/wp-content/plugins/royal-elementor-addons/modules/posts-timeline/widgets/wpr-posts-timeline.php on line 5708
[21-Oct-2023 18:57:35 UTC] PHP Deprecated:  Creation of dynamic property WprAddons\Modules\PostsTimeline\Widgets\Wpr_Posts_Timeline::$timeline_layout is deprecated in /opt/lampp/htdocs/Astra1/wp-content/plugins/royal-elementor-addons/modules/posts-timeline/widgets/wpr-posts-timeline.php on line 5720
[21-Oct-2023 18:57:35 UTC] PHP Deprecated:  Creation of dynamic property WprAddons\Modules\PostsTimeline\Widgets\Wpr_Posts_Timeline::$timeline_layout_wrapper is deprecated in /opt/lampp/htdocs/Astra1/wp-content/plugins/royal-elementor-addons/modules/posts-timeline/widgets/wpr-posts-timeline.php on line 5721
[21-Oct-2023 18:57:35 UTC] PHP Deprecated:  Creation of dynamic property WprAddons\Modules\PostsTimeline\Widgets\Wpr_Posts_Timeline::$item_url_count is deprecated in /opt/lampp/htdocs/Astra1/wp-content/plugins/royal-elementor-addons/modules/posts-timeline/widgets/wpr-posts-timeline.php on line 5731
[21-Oct-2023 18:57:35 UTC] PHP Deprecated:  Creation of dynamic property WprAddons\Modules\PostsTimeline\Widgets\Wpr_Posts_Timeline::$thumbnail_size is deprecated in /opt/lampp/htdocs/Astra1/wp-content/plugins/royal-elementor-addons/modules/posts-timeline/widgets/wpr-posts-timeline.php on line 5287
[21-Oct-2023 18:57:35 UTC] PHP Deprecated:  Creation of dynamic property WprAddons\Modules\PostsTimeline\Widgets\Wpr_Posts_Timeline::$thumbnail_custom_dimension is deprecated in /opt/lampp/htdocs/Astra1/wp-content/plugins/royal-elementor-addons/modules/posts-timeline/widgets/wpr-posts-timeline.php on line 5288
[21-Oct-2023 18:57:35 UTC] PHP Deprecated:  Creation of dynamic property WprAddons\Modules\PostsTimeline\Widgets\Wpr_Posts_Timeline::$show_year_label is deprecated in /opt/lampp/htdocs/Astra1/wp-content/plugins/royal-elementor-addons/modules/posts-timeline/widgets/wpr-posts-timeline.php on line 5290
[21-Oct-2023 18:57:35 UTC] PHP Deprecated:  Creation of dynamic property WprAddons\Modules\PostsTimeline\Widgets\Wpr_Posts_Timeline::$timeline_year is deprecated in /opt/lampp/htdocs/Astra1/wp-content/plugins/royal-elementor-addons/modules/posts-timeline/widgets/wpr-posts-timeline.php on line 5291
[21-Oct-2023 18:57:35 UTC] PHP Deprecated:  Creation of dynamic property WprAddons\Modules\PostsTimeline\Widgets\Wpr_Posts_Timeline::$image is deprecated in /opt/lampp/htdocs/Astra1/wp-content/plugins/royal-elementor-addons/modules/posts-timeline/widgets/wpr-posts-timeline.php on line 5189
[21-Oct-2023 18:57:36 UTC] PHP Deprecated:  Creation of dynamic property Elementor\Includes\Elements\Container::$logical_dimensions_inline_start is deprecated in /opt/lampp/htdocs/Astra1/wp-content/plugins/elementor/includes/elements/container.php on line 42
[21-Oct-2023 18:57:36 UTC] PHP Deprecated:  Creation of dynamic property Elementor\Includes\Elements\Container::$logical_dimensions_inline_end is deprecated in /opt/lampp/htdocs/Astra1/wp-content/plugins/elementor/includes/elements/container.php on line 43
[21-Oct-2023 18:57:37 UTC] PHP Deprecated:  Creation of dynamic property WprAddons\Modules\ContentTicker\Widgets\Wpr_Content_Ticker::$post_types is deprecated in /opt/lampp/htdocs/Astra1/wp-content/plugins/royal-elementor-addons/modules/content-ticker/widgets/wpr-content-ticker.php on line 139
[21-Oct-2023 18:57:46 UTC] PHP Deprecated:  Creation of dynamic property Elementor\Includes\Elements\Container::$logical_dimensions_inline_start is deprecated in /opt/lampp/htdocs/Astra1/wp-content/plugins/elementor/includes/elements/container.php on line 42
[21-Oct-2023 18:57:46 UTC] PHP Deprecated:  Creation of dynamic property Elementor\Includes\Elements\Container::$logical_dimensions_inline_end is deprecated in /opt/lampp/htdocs/Astra1/wp-content/plugins/elementor/includes/elements/container.php on line 43
[21-Oct-2023 18:57:46 UTC] PHP Deprecated:  Creation of dynamic property WprAddons\Modules\PostsTimeline\Widgets\Wpr_Posts_Timeline::$my_query is deprecated in /opt/lampp/htdocs/Astra1/wp-content/plugins/royal-elementor-addons/modules/posts-timeline/widgets/wpr-posts-timeline.php on line 5675
[21-Oct-2023 18:57:46 UTC] PHP Deprecated:  Creation of dynamic property WprAddons\Modules\PostsTimeline\Widgets\Wpr_Posts_Timeline::$animation is deprecated in /opt/lampp/htdocs/Astra1/wp-content/plugins/royal-elementor-addons/modules/posts-timeline/widgets/wpr-posts-timeline.php on line 5679
[21-Oct-2023 18:57:46 UTC] PHP Deprecated:  Creation of dynamic property WprAddons\Modules\PostsTimeline\Widgets\Wpr_Posts_Timeline::$animation_loadmore_left is deprecated in /opt/lampp/htdocs/Astra1/wp-content/plugins/royal-elementor-addons/modules/posts-timeline/widgets/wpr-posts-timeline.php on line 5680
[21-Oct-2023 18:57:46 UTC] PHP Deprecated:  Creation of dynamic property WprAddons\Modules\PostsTimeline\Widgets\Wpr_Posts_Timeline::$animation_loadmore_right is deprecated in /opt/lampp/htdocs/Astra1/wp-content/plugins/royal-elementor-addons/modules/posts-timeline/widgets/wpr-posts-timeline.php on line 5681
[21-Oct-2023 18:57:46 UTC] PHP Deprecated:  Creation of dynamic property WprAddons\Modules\PostsTimeline\Widgets\Wpr_Posts_Timeline::$timeline_fill is deprecated in /opt/lampp/htdocs/Astra1/wp-content/plugins/royal-elementor-addons/modules/posts-timeline/widgets/wpr-posts-timeline.php on line 5683
[21-Oct-2023 18:57:46 UTC] PHP Deprecated:  Creation of dynamic property WprAddons\Modules\PostsTimeline\Widgets\Wpr_Posts_Timeline::$show_readmore is deprecated in /opt/lampp/htdocs/Astra1/wp-content/plugins/royal-elementor-addons/modules/posts-timeline/widgets/wpr-posts-timeline.php on line 5684
[21-Oct-2023 18:57:46 UTC] PHP Deprecated:  Creation of dynamic property WprAddons\Modules\PostsTimeline\Widgets\Wpr_Posts_Timeline::$pagination_type is deprecated in /opt/lampp/htdocs/Astra1/wp-content/plugins/royal-elementor-addons/modules/posts-timeline/widgets/wpr-posts-timeline.php on line 5697
[21-Oct-2023 18:57:46 UTC] PHP Deprecated:  Creation of dynamic property WprAddons\Modules\PostsTimeline\Widgets\Wpr_Posts_Timeline::$pagination_max_pages is deprecated in /opt/lampp/htdocs/Astra1/wp-content/plugins/royal-elementor-addons/modules/posts-timeline/widgets/wpr-posts-timeline.php on line 5698
[21-Oct-2023 18:57:46 UTC] PHP Deprecated:  Creation of dynamic property WprAddons\Modules\PostsTimeline\Widgets\Wpr_Posts_Timeline::$animation_class is deprecated in /opt/lampp/htdocs/Astra1/wp-content/plugins/royal-elementor-addons/modules/posts-timeline/widgets/wpr-posts-timeline.php on line 5708
[21-Oct-2023 18:57:46 UTC] PHP Deprecated:  Creation of dynamic property WprAddons\Modules\PostsTimeline\Widgets\Wpr_Posts_Timeline::$timeline_layout is deprecated in /opt/lampp/htdocs/Astra1/wp-content/plugins/royal-elementor-addons/modules/posts-timeline/widgets/wpr-posts-timeline.php on line 5720
[21-Oct-2023 18:57:46 UTC] PHP Deprecated:  Creation of dynamic property WprAddons\Modules\PostsTimeline\Widgets\Wpr_Posts_Timeline::$timeline_layout_wrapper is deprecated in /opt/lampp/htdocs/Astra1/wp-content/plugins/royal-elementor-addons/modules/posts-timeline/widgets/wpr-posts-timeline.php on line 5721
[21-Oct-2023 18:57:46 UTC] PHP Deprecated:  Creation of dynamic property WprAddons\Modules\PostsTimeline\Widgets\Wpr_Posts_Timeline::$item_url_count is deprecated in /opt/lampp/htdocs/Astra1/wp-content/plugins/royal-elementor-addons/modules/posts-timeline/widgets/wpr-posts-timeline.php on line 5731
[21-Oct-2023 18:57:46 UTC] PHP Deprecated:  Creation of dynamic property WprAddons\Modules\PostsTimeline\Widgets\Wpr_Posts_Timeline::$thumbnail_size is deprecated in /opt/lampp/htdocs/Astra1/wp-content/plugins/royal-elementor-addons/modules/posts-timeline/widgets/wpr-posts-timeline.php on line 5287
[21-Oct-2023 18:57:46 UTC] PHP Deprecated:  Creation of dynamic property WprAddons\Modules\PostsTimeline\Widgets\Wpr_Posts_Timeline::$thumbnail_custom_dimension is deprecated in /opt/lampp/htdocs/Astra1/wp-content/plugins/royal-elementor-addons/modules/posts-timeline/widgets/wpr-posts-timeline.php on line 5288
[21-Oct-2023 18:57:46 UTC] PHP Deprecated:  Creation of dynamic property WprAddons\Modules\PostsTimeline\Widgets\Wpr_Posts_Timeline::$show_year_label is deprecated in /opt/lampp/htdocs/Astra1/wp-content/plugins/royal-elementor-addons/modules/posts-timeline/widgets/wpr-posts-timeline.php on line 5290
[21-Oct-2023 18:57:46 UTC] PHP Deprecated:  Creation of dynamic property WprAddons\Modules\PostsTimeline\Widgets\Wpr_Posts_Timeline::$timeline_year is deprecated in /opt/lampp/htdocs/Astra1/wp-content/plugins/royal-elementor-addons/modules/posts-timeline/widgets/wpr-posts-timeline.php on line 5291
[21-Oct-2023 18:57:46 UTC] PHP Deprecated:  Creation of dynamic property WprAddons\Modules\PostsTimeline\Widgets\Wpr_Posts_Timeline::$image is deprecated in /opt/lampp/htdocs/Astra1/wp-content/plugins/royal-elementor-addons/modules/posts-timeline/widgets/wpr-posts-timeline.php on line 5189
[21-Oct-2023 18:57:47 UTC] PHP Deprecated:  Creation of dynamic property Elementor\Includes\Elements\Container::$logical_dimensions_inline_start is deprecated in /opt/lampp/htdocs/Astra1/wp-content/plugins/elementor/includes/elements/container.php on line 42
[21-Oct-2023 18:57:47 UTC] PHP Deprecated:  Creation of dynamic property Elementor\Includes\Elements\Container::$logical_dimensions_inline_end is deprecated in /opt/lampp/htdocs/Astra1/wp-content/plugins/elementor/includes/elements/container.php on line 43
[21-Oct-2023 18:57:48 UTC] PHP Deprecated:  Creation of dynamic property WprAddons\Modules\ContentTicker\Widgets\Wpr_Content_Ticker::$post_types is deprecated in /opt/lampp/htdocs/Astra1/wp-content/plugins/royal-elementor-addons/modules/content-ticker/widgets/wpr-content-ticker.php on line 139
[21-Oct-2023 18:57:53 UTC] PHP Deprecated:  Creation of dynamic property Elementor\Includes\Elements\Container::$logical_dimensions_inline_start is deprecated in /opt/lampp/htdocs/Astra1/wp-content/plugins/elementor/includes/elements/container.php on line 42
[21-Oct-2023 18:57:53 UTC] PHP Deprecated:  Creation of dynamic property Elementor\Includes\Elements\Container::$logical_dimensions_inline_end is deprecated in /opt/lampp/htdocs/Astra1/wp-content/plugins/elementor/includes/elements/container.php on line 43
[21-Oct-2023 18:57:53 UTC] PHP Deprecated:  Creation of dynamic property WprAddons\Modules\PostsTimeline\Widgets\Wpr_Posts_Timeline::$my_query is deprecated in /opt/lampp/htdocs/Astra1/wp-content/plugins/royal-elementor-addons/modules/posts-timeline/widgets/wpr-posts-timeline.php on line 5675
[21-Oct-2023 18:57:53 UTC] PHP Deprecated:  Creation of dynamic property WprAddons\Modules\PostsTimeline\Widgets\Wpr_Posts_Timeline::$animation is deprecated in /opt/lampp/htdocs/Astra1/wp-content/plugins/royal-elementor-addons/modules/posts-timeline/widgets/wpr-posts-timeline.php on line 5679
[21-Oct-2023 18:57:53 UTC] PHP Deprecated:  Creation of dynamic property WprAddons\Modules\PostsTimeline\Widgets\Wpr_Posts_Timeline::$animation_loadmore_left is deprecated in /opt/lampp/htdocs/Astra1/wp-content/plugins/royal-elementor-addons/modules/posts-timeline/widgets/wpr-posts-timeline.php on line 5680
[21-Oct-2023 18:57:53 UTC] PHP Deprecated:  Creation of dynamic property WprAddons\Modules\PostsTimeline\Widgets\Wpr_Posts_Timeline::$animation_loadmore_right is deprecated in /opt/lampp/htdocs/Astra1/wp-content/plugins/royal-elementor-addons/modules/posts-timeline/widgets/wpr-posts-timeline.php on line 5681
[21-Oct-2023 18:57:53 UTC] PHP Deprecated:  Creation of dynamic property WprAddons\Modules\PostsTimeline\Widgets\Wpr_Posts_Timeline::$timeline_fill is deprecated in /opt/lampp/htdocs/Astra1/wp-content/plugins/royal-elementor-addons/modules/posts-timeline/widgets/wpr-posts-timeline.php on line 5683
[21-Oct-2023 18:57:53 UTC] PHP Deprecated:  Creation of dynamic property WprAddons\Modules\PostsTimeline\Widgets\Wpr_Posts_Timeline::$show_readmore is deprecated in /opt/lampp/htdocs/Astra1/wp-content/plugins/royal-elementor-addons/modules/posts-timeline/widgets/wpr-posts-timeline.php on line 5684
[21-Oct-2023 18:57:53 UTC] PHP Deprecated:  Creation of dynamic property WprAddons\Modules\PostsTimeline\Widgets\Wpr_Posts_Timeline::$pagination_type is deprecated in /opt/lampp/htdocs/Astra1/wp-content/plugins/royal-elementor-addons/modules/posts-timeline/widgets/wpr-posts-timeline.php on line 5697
[21-Oct-2023 18:57:53 UTC] PHP Deprecated:  Creation of dynamic property WprAddons\Modules\PostsTimeline\Widgets\Wpr_Posts_Timeline::$pagination_max_pages is deprecated in /opt/lampp/htdocs/Astra1/wp-content/plugins/royal-elementor-addons/modules/posts-timeline/widgets/wpr-posts-timeline.php on line 5698
[21-Oct-2023 18:57:53 UTC] PHP Deprecated:  Creation of dynamic property WprAddons\Modules\PostsTimeline\Widgets\Wpr_Posts_Timeline::$animation_class is deprecated in /opt/lampp/htdocs/Astra1/wp-content/plugins/royal-elementor-addons/modules/posts-timeline/widgets/wpr-posts-timeline.php on line 5708
[21-Oct-2023 18:57:53 UTC] PHP Deprecated:  Creation of dynamic property WprAddons\Modules\PostsTimeline\Widgets\Wpr_Posts_Timeline::$timeline_layout is deprecated in /opt/lampp/htdocs/Astra1/wp-content/plugins/royal-elementor-addons/modules/posts-timeline/widgets/wpr-posts-timeline.php on line 5720
[21-Oct-2023 18:57:53 UTC] PHP Deprecated:  Creation of dynamic property WprAddons\Modules\PostsTimeline\Widgets\Wpr_Posts_Timeline::$timeline_layout_wrapper is deprecated in /opt/lampp/htdocs/Astra1/wp-content/plugins/royal-elementor-addons/modules/posts-timeline/widgets/wpr-posts-timeline.php on line 5721
[21-Oct-2023 18:57:53 UTC] PHP Deprecated:  Creation of dynamic property WprAddons\Modules\PostsTimeline\Widgets\Wpr_Posts_Timeline::$item_url_count is deprecated in /opt/lampp/htdocs/Astra1/wp-content/plugins/royal-elementor-addons/modules/posts-timeline/widgets/wpr-posts-timeline.php on line 5731
[21-Oct-2023 18:57:53 UTC] PHP Deprecated:  Creation of dynamic property WprAddons\Modules\PostsTimeline\Widgets\Wpr_Posts_Timeline::$thumbnail_size is deprecated in /opt/lampp/htdocs/Astra1/wp-content/plugins/royal-elementor-addons/modules/posts-timeline/widgets/wpr-posts-timeline.php on line 5287
[21-Oct-2023 18:57:53 UTC] PHP Deprecated:  Creation of dynamic property WprAddons\Modules\PostsTimeline\Widgets\Wpr_Posts_Timeline::$thumbnail_custom_dimension is deprecated in /opt/lampp/htdocs/Astra1/wp-content/plugins/royal-elementor-addons/modules/posts-timeline/widgets/wpr-posts-timeline.php on line 5288
[21-Oct-2023 18:57:53 UTC] PHP Deprecated:  Creation of dynamic property WprAddons\Modules\PostsTimeline\Widgets\Wpr_Posts_Timeline::$show_year_label is deprecated in /opt/lampp/htdocs/Astra1/wp-content/plugins/royal-elementor-addons/modules/posts-timeline/widgets/wpr-posts-timeline.php on line 5290
[21-Oct-2023 18:57:53 UTC] PHP Deprecated:  Creation of dynamic property WprAddons\Modules\PostsTimeline\Widgets\Wpr_Posts_Timeline::$timeline_year is deprecated in /opt/lampp/htdocs/Astra1/wp-content/plugins/royal-elementor-addons/modules/posts-timeline/widgets/wpr-posts-timeline.php on line 5291
[21-Oct-2023 18:57:53 UTC] PHP Deprecated:  Creation of dynamic property WprAddons\Modules\PostsTimeline\Widgets\Wpr_Posts_Timeline::$image is deprecated in /opt/lampp/htdocs/Astra1/wp-content/plugins/royal-elementor-addons/modules/posts-timeline/widgets/wpr-posts-timeline.php on line 5189
[21-Oct-2023 18:57:54 UTC] PHP Deprecated:  Creation of dynamic property Elementor\Includes\Elements\Container::$logical_dimensions_inline_start is deprecated in /opt/lampp/htdocs/Astra1/wp-content/plugins/elementor/includes/elements/container.php on line 42
[21-Oct-2023 18:57:54 UTC] PHP Deprecated:  Creation of dynamic property Elementor\Includes\Elements\Container::$logical_dimensions_inline_end is deprecated in /opt/lampp/htdocs/Astra1/wp-content/plugins/elementor/includes/elements/container.php on line 43
[21-Oct-2023 18:57:55 UTC] PHP Deprecated:  Creation of dynamic property WprAddons\Modules\ContentTicker\Widgets\Wpr_Content_Ticker::$post_types is deprecated in /opt/lampp/htdocs/Astra1/wp-content/plugins/royal-elementor-addons/modules/content-ticker/widgets/wpr-content-ticker.php on line 139
[21-Oct-2023 18:58:37 UTC] PHP Deprecated:  Creation of dynamic property Elementor\Includes\Elements\Container::$logical_dimensions_inline_start is deprecated in /opt/lampp/htdocs/Astra1/wp-content/plugins/elementor/includes/elements/container.php on line 42
[21-Oct-2023 18:58:37 UTC] PHP Deprecated:  Creation of dynamic property Elementor\Includes\Elements\Container::$logical_dimensions_inline_end is deprecated in /opt/lampp/htdocs/Astra1/wp-content/plugins/elementor/includes/elements/container.php on line 43
[21-Oct-2023 18:58:37 UTC] PHP Deprecated:  Creation of dynamic property Elementor\Includes\Elements\Container::$logical_dimensions_inline_start is deprecated in /opt/lampp/htdocs/Astra1/wp-content/plugins/elementor/includes/elements/container.php on line 42
[21-Oct-2023 18:58:37 UTC] PHP Deprecated:  Creation of dynamic property Elementor\Includes\Elements\Container::$logical_dimensions_inline_end is deprecated in /opt/lampp/htdocs/Astra1/wp-content/plugins/elementor/includes/elements/container.php on line 43
[21-Oct-2023 18:58:38 UTC] PHP Deprecated:  Creation of dynamic property WprAddons\Modules\ContentTicker\Widgets\Wpr_Content_Ticker::$post_types is deprecated in /opt/lampp/htdocs/Astra1/wp-content/plugins/royal-elementor-addons/modules/content-ticker/widgets/wpr-content-ticker.php on line 139
